Now Working on sPLOT
selmcgen=TMath::Abs(Gy)<2.4 && TMath::Abs(GpdgId)==521 && GisSignal==1 && GcollisionId==0 && ((Gpt>5 && Gpt<10 && TMath::Abs(Gy)>1.5) || (Gpt>10))&&hiBin>=0.000000&&hiBin<=180.000000
selmcgenacceptance=TMath::Abs(Gy)<2.4 && TMath::Abs(GpdgId)==521 && GisSignal==1 && GcollisionId==0 && TMath::Abs(Gtk1eta)<2.4 && ((TMath::Abs(Gmu1eta)<1.2 && Gmu1pt>3.5) || (TMath::Abs(Gmu1eta)>1.2 && TMath::Abs(Gmu1eta)<2.1 && Gmu1pt>5.47-1.89*TMath::Abs(Gmu1eta)) || (TMath::Abs(Gmu1eta)>2.1 && TMath::Abs(Gmu2eta)<2.4 && Gmu1pt>1.5)) && ((TMath::Abs(Gmu2eta)<1.2 && Gmu2pt>3.5) || (TMath::Abs(Gmu2eta)>1.2 && TMath::Abs(Gmu2eta)<2.1 && Gmu2pt>5.47-1.89*TMath::Abs(Gmu2eta)) || (TMath::Abs(Gmu2eta)>2.1 && TMath::Abs(Gmu2eta)<2.4 && Gmu2pt>1.5)) && ((Gpt>5 && Gpt<10 && TMath::Abs(Gy)>1.5) || (Gpt>10))&&hiBin>=0.000000&&hiBin<=180.000000
cut_recoonly=pprimaryVertexFilter && phfCoincFilter2Th4 && pclusterCompatibilityFilter && Btrk1Pt>0.9 && Bpt>3.0 && (BsvpvDistance/BsvpvDisErr)>2.0 && Bchi2cl>0.05 && TMath::Abs(Btrk1Eta)<2.4 && TMath::Abs(By)<2.4 && TMath::Abs(PVz)<15 && Bmass>5 && Bmass<6 && TMath::Abs(Bmumumass-3.096900)<0.15 && Bmu1SoftMuID && Bmu2SoftMuID && Bmu1isAcc && Bmu2isAcc && Bmu1isTriggered && Bmu2isTriggered && (Btrk1PixelHit+Btrk1StripHit)>=11 && (Btrk1Chi2ndf/(Btrk1nStripLayer+Btrk1nPixelLayer))<0.18 && TMath::Abs(Btrk1PtErr/Btrk1Pt)<0.1 && ((Bpt>5 && Bpt<7 && (BsvpvDistance/BsvpvDisErr)>12 && cos(Bdtheta)>0.95) || (Bpt>7 && Bpt<10 && (BsvpvDistance/BsvpvDisErr)>9.0 && cos(Bdtheta)>0.92) || (Bpt>10 && Bpt<60)) && ((Bpt>5 && Bpt<7 && BDT_5_7>0.02) || (Bpt>7 && Bpt<10 && BDT_7_10>0.03) || (Bpt>10 && Bpt<15 && BDT_10_15>0.09) || (Bpt>15 && Bpt<20 && BDT_15_20>0.07) || (Bpt>20 && Bpt<30 && BDT_20_30>0.10) || (Bpt>30 && Bpt<40 && BDT_30_40>0.16) || (Bpt>40 && Bpt<50 && BDT_40_50>0.20) || (Bpt>50 && Bpt<60 && BDT_50_60>0.27))&&((Bgenpt>5&&Bgenpt<10&&TMath::Abs(By)>1.5)||(Bgenpt>10))&&hiBin>=0.000000&&hiBin<=180.000000
cut=pprimaryVertexFilter && phfCoincFilter2Th4 && pclusterCompatibilityFilter && Btrk1Pt>0.9 && Bpt>5.0 && (BsvpvDistance/BsvpvDisErr)>2.0 && Bchi2cl>0.05 && TMath::Abs(Btrk1Eta)<2.4 && TMath::Abs(By)<2.4 && TMath::Abs(PVz)<15 && Bmass>5 && Bmass<6 && TMath::Abs(Bmumumass-3.096900)<0.15 && Bmu1SoftMuID && Bmu2SoftMuID && Bmu1isAcc && Bmu2isAcc && Bmu1isTriggered && Bmu2isTriggered && (Btrk1PixelHit+Btrk1StripHit)>=11 && (Btrk1Chi2ndf/(Btrk1nStripLayer+Btrk1nPixelLayer))<0.18 && TMath::Abs(Btrk1PtErr/Btrk1Pt)<0.1 && ((Bpt>5 && Bpt<7 && (BsvpvDistance/BsvpvDisErr)>12 && cos(Bdtheta)>0.95) || (Bpt>7 && Bpt<10 && (BsvpvDistance/BsvpvDisErr)>9.0 && cos(Bdtheta)>0.92) || (Bpt>10 && Bpt<60)) && ((Bpt>5 && Bpt<7 && BDT_5_7>0.02) || (Bpt>7 && Bpt<10 && BDT_7_10>0.03) || (Bpt>10 && Bpt<15 && BDT_10_15>0.09) || (Bpt>15 && Bpt<20 && BDT_15_20>0.07) || (Bpt>20 && Bpt<30 && BDT_20_30>0.10) || (Bpt>30 && Bpt<40 && BDT_30_40>0.16) || (Bpt>40 && Bpt<50 && BDT_40_50>0.20) || (Bpt>50 && Bpt<60 && BDT_50_60>0.27))&&(HLT_HIL3Mu0NHitQ10_L2Mu0_MAXdR3p5_M1to5_v1)&&((Bgenpt>5&&Bgenpt<10&&TMath::Abs(By)>1.5)||(Bgenpt>10))&&hiBin>=0.000000&&hiBin<=180.000000
option=3
ERROR in TPDF::Open: Cannot open file:plotEff/canvasEff_studyPbPb.pdf
ERROR in TPDF::Open: Cannot open file:plotEff/canvasPthat_PbPb.pdf
ERROR in TPDF::Open: Cannot open file:plotEff/canvasSpectra_PbPb.pdf
ERROR in TPDF::Open: Cannot open file:plotEff/canvas1DhEff_PbPb.pdf
ERROR in TPDF::Open: Cannot open file:plotEff/canvas1DhPtMC_PbPb.pdf
ERROR in TPDF::Open: Cannot open file:plotEff/canvas1DhPtMCrecoonly_PbPb.pdf
ERROR in TPDF::Open: Cannot open file:plotEff/canvas1DhPtGen_PbPb.pdf
ERROR in TPDF::Open: Cannot open file:plotEff/canvas1DhPtGenAcc_PbPb.pdf
ERROR in TPDF::Open: Cannot open file:plotEff/canvas1DhEff_PbPb.pdf
ERROR in TPDF::Open: Cannot open file:plotEff/canvas1DhEffReco_PbPb.pdf
ERROR in TPDF::Open: Cannot open file:plotEff/canvas1DhEffAcc_PbPb.pdf
ERROR in TPDF::Open: Cannot open file:plotEff/canvas1DhEffSelection_PbPb.pdf
selmcgen=TMath::Abs(Gy)<2.4 && TMath::Abs(GpdgId)==521 && GisSignal==1 && GcollisionId==0 && ((Gpt>5 && Gpt<10 && TMath::Abs(Gy)>1.5) || (Gpt>10))&&hiBin>=0.000000&&hiBin<=60.000000
selmcgenacceptance=TMath::Abs(Gy)<2.4 && TMath::Abs(GpdgId)==521 && GisSignal==1 && GcollisionId==0 && TMath::Abs(Gtk1eta)<2.4 && ((TMath::Abs(Gmu1eta)<1.2 && Gmu1pt>3.5) || (TMath::Abs(Gmu1eta)>1.2 && TMath::Abs(Gmu1eta)<2.1 && Gmu1pt>5.47-1.89*TMath::Abs(Gmu1eta)) || (TMath::Abs(Gmu1eta)>2.1 && TMath::Abs(Gmu2eta)<2.4 && Gmu1pt>1.5)) && ((TMath::Abs(Gmu2eta)<1.2 && Gmu2pt>3.5) || (TMath::Abs(Gmu2eta)>1.2 && TMath::Abs(Gmu2eta)<2.1 && Gmu2pt>5.47-1.89*TMath::Abs(Gmu2eta)) || (TMath::Abs(Gmu2eta)>2.1 && TMath::Abs(Gmu2eta)<2.4 && Gmu2pt>1.5)) && ((Gpt>5 && Gpt<10 && TMath::Abs(Gy)>1.5) || (Gpt>10))&&hiBin>=0.000000&&hiBin<=60.000000
cut_recoonly=pprimaryVertexFilter && phfCoincFilter2Th4 && pclusterCompatibilityFilter && Btrk1Pt>0.9 && Bpt>3.0 && (BsvpvDistance/BsvpvDisErr)>2.0 && Bchi2cl>0.05 && TMath::Abs(Btrk1Eta)<2.4 && TMath::Abs(By)<2.4 && TMath::Abs(PVz)<15 && Bmass>5 && Bmass<6 && TMath::Abs(Bmumumass-3.096900)<0.15 && Bmu1SoftMuID && Bmu2SoftMuID && Bmu1isAcc && Bmu2isAcc && Bmu1isTriggered && Bmu2isTriggered && (Btrk1PixelHit+Btrk1StripHit)>=11 && (Btrk1Chi2ndf/(Btrk1nStripLayer+Btrk1nPixelLayer))<0.18 && TMath::Abs(Btrk1PtErr/Btrk1Pt)<0.1 && ((Bpt>5 && Bpt<7 && (BsvpvDistance/BsvpvDisErr)>12 && cos(Bdtheta)>0.95) || (Bpt>7 && Bpt<10 && (BsvpvDistance/BsvpvDisErr)>9.0 && cos(Bdtheta)>0.92) || (Bpt>10 && Bpt<60)) && ((Bpt>5 && Bpt<7 && BDT_5_7>0.02) || (Bpt>7 && Bpt<10 && BDT_7_10>0.03) || (Bpt>10 && Bpt<15 && BDT_10_15>0.09) || (Bpt>15 && Bpt<20 && BDT_15_20>0.07) || (Bpt>20 && Bpt<30 && BDT_20_30>0.10) || (Bpt>30 && Bpt<40 && BDT_30_40>0.16) || (Bpt>40 && Bpt<50 && BDT_40_50>0.20) || (Bpt>50 && Bpt<60 && BDT_50_60>0.27))&&((Bgenpt>5&&Bgenpt<10&&TMath::Abs(By)>1.5)||(Bgenpt>10))&&hiBin>=0.000000&&hiBin<=60.000000
cut=pprimaryVertexFilter && phfCoincFilter2Th4 && pclusterCompatibilityFilter && Btrk1Pt>0.9 && Bpt>5.0 && (BsvpvDistance/BsvpvDisErr)>2.0 && Bchi2cl>0.05 && TMath::Abs(Btrk1Eta)<2.4 && TMath::Abs(By)<2.4 && TMath::Abs(PVz)<15 && Bmass>5 && Bmass<6 && TMath::Abs(Bmumumass-3.096900)<0.15 && Bmu1SoftMuID && Bmu2SoftMuID && Bmu1isAcc && Bmu2isAcc && Bmu1isTriggered && Bmu2isTriggered && (Btrk1PixelHit+Btrk1StripHit)>=11 && (Btrk1Chi2ndf/(Btrk1nStripLayer+Btrk1nPixelLayer))<0.18 && TMath::Abs(Btrk1PtErr/Btrk1Pt)<0.1 && ((Bpt>5 && Bpt<7 && (BsvpvDistance/BsvpvDisErr)>12 && cos(Bdtheta)>0.95) || (Bpt>7 && Bpt<10 && (BsvpvDistance/BsvpvDisErr)>9.0 && cos(Bdtheta)>0.92) || (Bpt>10 && Bpt<60)) && ((Bpt>5 && Bpt<7 && BDT_5_7>0.02) || (Bpt>7 && Bpt<10 && BDT_7_10>0.03) || (Bpt>10 && Bpt<15 && BDT_10_15>0.09) || (Bpt>15 && Bpt<20 && BDT_15_20>0.07) || (Bpt>20 && Bpt<30 && BDT_20_30>0.10) || (Bpt>30 && Bpt<40 && BDT_30_40>0.16) || (Bpt>40 && Bpt<50 && BDT_40_50>0.20) || (Bpt>50 && Bpt<60 && BDT_50_60>0.27))&&(HLT_HIL3Mu0NHitQ10_L2Mu0_MAXdR3p5_M1to5_v1)&&((Bgenpt>5&&Bgenpt<10&&TMath::Abs(By)>1.5)||(Bgenpt>10))&&hiBin>=0.000000&&hiBin<=60.000000
option=3
ERROR in TPDF::Open: Cannot open file:plotEff/canvasEff_studyPbPb.pdf
ERROR in TPDF::Open: Cannot open file:plotEff/canvasPthat_PbPb.pdf
ERROR in TPDF::Open: Cannot open file:plotEff/canvasSpectra_PbPb.pdf
ERROR in TPDF::Open: Cannot open file:plotEff/canvas1DhEff_PbPb.pdf
ERROR in TPDF::Open: Cannot open file:plotEff/canvas1DhPtMC_PbPb.pdf
ERROR in TPDF::Open: Cannot open file:plotEff/canvas1DhPtMCrecoonly_PbPb.pdf
ERROR in TPDF::Open: Cannot open file:plotEff/canvas1DhPtGen_PbPb.pdf
ERROR in TPDF::Open: Cannot open file:plotEff/canvas1DhPtGenAcc_PbPb.pdf
ERROR in TPDF::Open: Cannot open file:plotEff/canvas1DhEff_PbPb.pdf
ERROR in TPDF::Open: Cannot open file:plotEff/canvas1DhEffReco_PbPb.pdf
ERROR in TPDF::Open: Cannot open file:plotEff/canvas1DhEffAcc_PbPb.pdf
ERROR in TPDF::Open: Cannot open file:plotEff/canvas1DhEffSelection_PbPb.pdf
selmcgen=TMath::Abs(Gy)<2.4 && TMath::Abs(GpdgId)==521 && GisSignal==1 && GcollisionId==0 && ((Gpt>5 && Gpt<10 && TMath::Abs(Gy)>1.5) || (Gpt>10))&&hiBin>=60.000000&&hiBin<=180.000000
selmcgenacceptance=TMath::Abs(Gy)<2.4 && TMath::Abs(GpdgId)==521 && GisSignal==1 && GcollisionId==0 && TMath::Abs(Gtk1eta)<2.4 && ((TMath::Abs(Gmu1eta)<1.2 && Gmu1pt>3.5) || (TMath::Abs(Gmu1eta)>1.2 && TMath::Abs(Gmu1eta)<2.1 && Gmu1pt>5.47-1.89*TMath::Abs(Gmu1eta)) || (TMath::Abs(Gmu1eta)>2.1 && TMath::Abs(Gmu2eta)<2.4 && Gmu1pt>1.5)) && ((TMath::Abs(Gmu2eta)<1.2 && Gmu2pt>3.5) || (TMath::Abs(Gmu2eta)>1.2 && TMath::Abs(Gmu2eta)<2.1 && Gmu2pt>5.47-1.89*TMath::Abs(Gmu2eta)) || (TMath::Abs(Gmu2eta)>2.1 && TMath::Abs(Gmu2eta)<2.4 && Gmu2pt>1.5)) && ((Gpt>5 && Gpt<10 && TMath::Abs(Gy)>1.5) || (Gpt>10))&&hiBin>=60.000000&&hiBin<=180.000000
cut_recoonly=pprimaryVertexFilter && phfCoincFilter2Th4 && pclusterCompatibilityFilter && Btrk1Pt>0.9 && Bpt>3.0 && (BsvpvDistance/BsvpvDisErr)>2.0 && Bchi2cl>0.05 && TMath::Abs(Btrk1Eta)<2.4 && TMath::Abs(By)<2.4 && TMath::Abs(PVz)<15 && Bmass>5 && Bmass<6 && TMath::Abs(Bmumumass-3.096900)<0.15 && Bmu1SoftMuID && Bmu2SoftMuID && Bmu1isAcc && Bmu2isAcc && Bmu1isTriggered && Bmu2isTriggered && (Btrk1PixelHit+Btrk1StripHit)>=11 && (Btrk1Chi2ndf/(Btrk1nStripLayer+Btrk1nPixelLayer))<0.18 && TMath::Abs(Btrk1PtErr/Btrk1Pt)<0.1 && ((Bpt>5 && Bpt<7 && (BsvpvDistance/BsvpvDisErr)>12 && cos(Bdtheta)>0.95) || (Bpt>7 && Bpt<10 && (BsvpvDistance/BsvpvDisErr)>9.0 && cos(Bdtheta)>0.92) || (Bpt>10 && Bpt<60)) && ((Bpt>5 && Bpt<7 && BDT_5_7>0.02) || (Bpt>7 && Bpt<10 && BDT_7_10>0.03) || (Bpt>10 && Bpt<15 && BDT_10_15>0.09) || (Bpt>15 && Bpt<20 && BDT_15_20>0.07) || (Bpt>20 && Bpt<30 && BDT_20_30>0.10) || (Bpt>30 && Bpt<40 && BDT_30_40>0.16) || (Bpt>40 && Bpt<50 && BDT_40_50>0.20) || (Bpt>50 && Bpt<60 && BDT_50_60>0.27))&&((Bgenpt>5&&Bgenpt<10&&TMath::Abs(By)>1.5)||(Bgenpt>10))&&hiBin>=60.000000&&hiBin<=180.000000
cut=pprimaryVertexFilter && phfCoincFilter2Th4 && pclusterCompatibilityFilter && Btrk1Pt>0.9 && Bpt>5.0 && (BsvpvDistance/BsvpvDisErr)>2.0 && Bchi2cl>0.05 && TMath::Abs(Btrk1Eta)<2.4 && TMath::Abs(By)<2.4 && TMath::Abs(PVz)<15 && Bmass>5 && Bmass<6 && TMath::Abs(Bmumumass-3.096900)<0.15 && Bmu1SoftMuID && Bmu2SoftMuID && Bmu1isAcc && Bmu2isAcc && Bmu1isTriggered && Bmu2isTriggered && (Btrk1PixelHit+Btrk1StripHit)>=11 && (Btrk1Chi2ndf/(Btrk1nStripLayer+Btrk1nPixelLayer))<0.18 && TMath::Abs(Btrk1PtErr/Btrk1Pt)<0.1 && ((Bpt>5 && Bpt<7 && (BsvpvDistance/BsvpvDisErr)>12 && cos(Bdtheta)>0.95) || (Bpt>7 && Bpt<10 && (BsvpvDistance/BsvpvDisErr)>9.0 && cos(Bdtheta)>0.92) || (Bpt>10 && Bpt<60)) && ((Bpt>5 && Bpt<7 && BDT_5_7>0.02) || (Bpt>7 && Bpt<10 && BDT_7_10>0.03) || (Bpt>10 && Bpt<15 && BDT_10_15>0.09) || (Bpt>15 && Bpt<20 && BDT_15_20>0.07) || (Bpt>20 && Bpt<30 && BDT_20_30>0.10) || (Bpt>30 && Bpt<40 && BDT_30_40>0.16) || (Bpt>40 && Bpt<50 && BDT_40_50>0.20) || (Bpt>50 && Bpt<60 && BDT_50_60>0.27))&&(HLT_HIL3Mu0NHitQ10_L2Mu0_MAXdR3p5_M1to5_v1)&&((Bgenpt>5&&Bgenpt<10&&TMath::Abs(By)>1.5)||(Bgenpt>10))&&hiBin>=60.000000&&hiBin<=180.000000
option=3
ERROR in TPDF::Open: Cannot open file:plotEff/canvasEff_studyPbPb.pdf
ERROR in TPDF::Open: Cannot open file:plotEff/canvasPthat_PbPb.pdf
ERROR in TPDF::Open: Cannot open file:plotEff/canvasSpectra_PbPb.pdf
ERROR in TPDF::Open: Cannot open file:plotEff/canvas1DhEff_PbPb.pdf
ERROR in TPDF::Open: Cannot open file:plotEff/canvas1DhPtMC_PbPb.pdf
ERROR in TPDF::Open: Cannot open file:plotEff/canvas1DhPtMCrecoonly_PbPb.pdf
ERROR in TPDF::Open: Cannot open file:plotEff/canvas1DhPtGen_PbPb.pdf
ERROR in TPDF::Open: Cannot open file:plotEff/canvas1DhPtGenAcc_PbPb.pdf
ERROR in TPDF::Open: Cannot open file:plotEff/canvas1DhEff_PbPb.pdf
ERROR in TPDF::Open: Cannot open file:plotEff/canvas1DhEffReco_PbPb.pdf
ERROR in TPDF::Open: Cannot open file:plotEff/canvas1DhEffAcc_PbPb.pdf
ERROR in TPDF::Open: Cannot open file:plotEff/canvas1DhEffSelection_PbPb.pdf
Now Working on 0 - 90
selmcgen=TMath::Abs(Gy)<2.4 && TMath::Abs(GpdgId)==521 && GisSignal==1 && GcollisionId==0 && ((Gpt>5 && Gpt<10 && TMath::Abs(Gy)>1.5) || (Gpt>10))&&hiBin>=0.000000&&hiBin<=180.000000
selmcgenacceptance=TMath::Abs(Gy)<2.4 && TMath::Abs(GpdgId)==521 && GisSignal==1 && GcollisionId==0 && TMath::Abs(Gtk1eta)<2.4 && ((TMath::Abs(Gmu1eta)<1.2 && Gmu1pt>3.5) || (TMath::Abs(Gmu1eta)>1.2 && TMath::Abs(Gmu1eta)<2.1 && Gmu1pt>5.47-1.89*TMath::Abs(Gmu1eta)) || (TMath::Abs(Gmu1eta)>2.1 && TMath::Abs(Gmu2eta)<2.4 && Gmu1pt>1.5)) && ((TMath::Abs(Gmu2eta)<1.2 && Gmu2pt>3.5) || (TMath::Abs(Gmu2eta)>1.2 && TMath::Abs(Gmu2eta)<2.1 && Gmu2pt>5.47-1.89*TMath::Abs(Gmu2eta)) || (TMath::Abs(Gmu2eta)>2.1 && TMath::Abs(Gmu2eta)<2.4 && Gmu2pt>1.5)) && ((Gpt>5 && Gpt<10 && TMath::Abs(Gy)>1.5) || (Gpt>10))&&hiBin>=0.000000&&hiBin<=180.000000
cut_recoonly=pprimaryVertexFilter && phfCoincFilter2Th4 && pclusterCompatibilityFilter && Btrk1Pt>0.9 && Bpt>3.0 && (BsvpvDistance/BsvpvDisErr)>2.0 && Bchi2cl>0.05 && TMath::Abs(Btrk1Eta)<2.4 && TMath::Abs(By)<2.4 && TMath::Abs(PVz)<15 && Bmass>5 && Bmass<6 && TMath::Abs(Bmumumass-3.096900)<0.15 && Bmu1SoftMuID && Bmu2SoftMuID && Bmu1isAcc && Bmu2isAcc && Bmu1isTriggered && Bmu2isTriggered && (Btrk1PixelHit+Btrk1StripHit)>=11 && (Btrk1Chi2ndf/(Btrk1nStripLayer+Btrk1nPixelLayer))<0.18 && TMath::Abs(Btrk1PtErr/Btrk1Pt)<0.1 && ((Bpt>5 && Bpt<7 && (BsvpvDistance/BsvpvDisErr)>12 && cos(Bdtheta)>0.95) || (Bpt>7 && Bpt<10 && (BsvpvDistance/BsvpvDisErr)>9.0 && cos(Bdtheta)>0.92) || (Bpt>10 && Bpt<60)) && ((Bpt>5 && Bpt<7 && BDT_5_7>0.02) || (Bpt>7 && Bpt<10 && BDT_7_10>0.03) || (Bpt>10 && Bpt<15 && BDT_10_15>0.09) || (Bpt>15 && Bpt<20 && BDT_15_20>0.07) || (Bpt>20 && Bpt<30 && BDT_20_30>0.10) || (Bpt>30 && Bpt<40 && BDT_30_40>0.16) || (Bpt>40 && Bpt<50 && BDT_40_50>0.20) || (Bpt>50 && Bpt<60 && BDT_50_60>0.27))&&((Bgenpt>5&&Bgenpt<10&&TMath::Abs(By)>1.5)||(Bgenpt>10))&&hiBin>=0.000000&&hiBin<=180.000000
cut=pprimaryVertexFilter && phfCoincFilter2Th4 && pclusterCompatibilityFilter && Btrk1Pt>0.9 && Bpt>5.0 && (BsvpvDistance/BsvpvDisErr)>2.0 && Bchi2cl>0.05 && TMath::Abs(Btrk1Eta)<2.4 && TMath::Abs(By)<2.4 && TMath::Abs(PVz)<15 && Bmass>5 && Bmass<6 && TMath::Abs(Bmumumass-3.096900)<0.15 && Bmu1SoftMuID && Bmu2SoftMuID && Bmu1isAcc && Bmu2isAcc && Bmu1isTriggered && Bmu2isTriggered && (Btrk1PixelHit+Btrk1StripHit)>=11 && (Btrk1Chi2ndf/(Btrk1nStripLayer+Btrk1nPixelLayer))<0.18 && TMath::Abs(Btrk1PtErr/Btrk1Pt)<0.1 && ((Bpt>5 && Bpt<7 && (BsvpvDistance/BsvpvDisErr)>12 && cos(Bdtheta)>0.95) || (Bpt>7 && Bpt<10 && (BsvpvDistance/BsvpvDisErr)>9.0 && cos(Bdtheta)>0.92) || (Bpt>10 && Bpt<60)) && ((Bpt>5 && Bpt<7 && BDT_5_7>0.02) || (Bpt>7 && Bpt<10 && BDT_7_10>0.03) || (Bpt>10 && Bpt<15 && BDT_10_15>0.09) || (Bpt>15 && Bpt<20 && BDT_15_20>0.07) || (Bpt>20 && Bpt<30 && BDT_20_30>0.10) || (Bpt>30 && Bpt<40 && BDT_30_40>0.16) || (Bpt>40 && Bpt<50 && BDT_40_50>0.20) || (Bpt>50 && Bpt<60 && BDT_50_60>0.27))&&(HLT_HIL3Mu0NHitQ10_L2Mu0_MAXdR3p5_M1to5_v1)&&((Bgenpt>5&&Bgenpt<10&&TMath::Abs(By)>1.5)||(Bgenpt>10))&&hiBin>=0.000000&&hiBin<=180.000000
option=4
ERROR in TPDF::Open: Cannot open file:plotEff/canvasEff_studyPbPb.pdf
ERROR in TPDF::Open: Cannot open file:plotEff/canvasPthat_PbPb.pdf
ERROR in TPDF::Open: Cannot open file:plotEff/canvasSpectra_PbPb.pdf
ERROR in TPDF::Open: Cannot open file:plotEff/canvas1DhEff_PbPb.pdf
ERROR in TPDF::Open: Cannot open file:plotEff/canvas1DhPtMC_PbPb.pdf
ERROR in TPDF::Open: Cannot open file:plotEff/canvas1DhPtMCrecoonly_PbPb.pdf
ERROR in TPDF::Open: Cannot open file:plotEff/canvas1DhPtGen_PbPb.pdf
ERROR in TPDF::Open: Cannot open file:plotEff/canvas1DhPtGenAcc_PbPb.pdf
ERROR in TPDF::Open: Cannot open file:plotEff/canvas1DhEff_PbPb.pdf
ERROR in TPDF::Open: Cannot open file:plotEff/canvas1DhEffReco_PbPb.pdf
ERROR in TPDF::Open: Cannot open file:plotEff/canvas1DhEffAcc_PbPb.pdf
ERROR in TPDF::Open: Cannot open file:plotEff/canvas1DhEffSelection_PbPb.pdf
selmcgen=TMath::Abs(Gy)<2.4 && TMath::Abs(GpdgId)==521 && GisSignal==1 && GcollisionId==0 && ((Gpt>5 && Gpt<10 && TMath::Abs(Gy)>1.5) || (Gpt>10))&&hiBin>=0.000000&&hiBin<=180.000000
selmcgenacceptance=TMath::Abs(Gy)<2.4 && TMath::Abs(GpdgId)==521 && GisSignal==1 && GcollisionId==0 && TMath::Abs(Gtk1eta)<2.4 && ((TMath::Abs(Gmu1eta)<1.2 && Gmu1pt>3.5) || (TMath::Abs(Gmu1eta)>1.2 && TMath::Abs(Gmu1eta)<2.1 && Gmu1pt>5.47-1.89*TMath::Abs(Gmu1eta)) || (TMath::Abs(Gmu1eta)>2.1 && TMath::Abs(Gmu2eta)<2.4 && Gmu1pt>1.5)) && ((TMath::Abs(Gmu2eta)<1.2 && Gmu2pt>3.5) || (TMath::Abs(Gmu2eta)>1.2 && TMath::Abs(Gmu2eta)<2.1 && Gmu2pt>5.47-1.89*TMath::Abs(Gmu2eta)) || (TMath::Abs(Gmu2eta)>2.1 && TMath::Abs(Gmu2eta)<2.4 && Gmu2pt>1.5)) && ((Gpt>5 && Gpt<10 && TMath::Abs(Gy)>1.5) || (Gpt>10))&&hiBin>=0.000000&&hiBin<=180.000000
cut_recoonly=pprimaryVertexFilter && phfCoincFilter2Th4 && pclusterCompatibilityFilter && Btrk1Pt>0.9 && Bpt>3.0 && (BsvpvDistance/BsvpvDisErr)>2.0 && Bchi2cl>0.05 && TMath::Abs(Btrk1Eta)<2.4 && TMath::Abs(By)<2.4 && TMath::Abs(PVz)<15 && Bmass>5 && Bmass<6 && TMath::Abs(Bmumumass-3.096900)<0.15 && Bmu1SoftMuID && Bmu2SoftMuID && Bmu1isAcc && Bmu2isAcc && Bmu1isTriggered && Bmu2isTriggered && (Btrk1PixelHit+Btrk1StripHit)>=11 && (Btrk1Chi2ndf/(Btrk1nStripLayer+Btrk1nPixelLayer))<0.18 && TMath::Abs(Btrk1PtErr/Btrk1Pt)<0.1 && ((Bpt>5 && Bpt<7 && (BsvpvDistance/BsvpvDisErr)>12 && cos(Bdtheta)>0.95) || (Bpt>7 && Bpt<10 && (BsvpvDistance/BsvpvDisErr)>9.0 && cos(Bdtheta)>0.92) || (Bpt>10 && Bpt<60)) && ((Bpt>5 && Bpt<7 && BDT_5_7>0.02) || (Bpt>7 && Bpt<10 && BDT_7_10>0.03) || (Bpt>10 && Bpt<15 && BDT_10_15>0.09) || (Bpt>15 && Bpt<20 && BDT_15_20>0.07) || (Bpt>20 && Bpt<30 && BDT_20_30>0.10) || (Bpt>30 && Bpt<40 && BDT_30_40>0.16) || (Bpt>40 && Bpt<50 && BDT_40_50>0.20) || (Bpt>50 && Bpt<60 && BDT_50_60>0.27))&&((Bgenpt>5&&Bgenpt<10&&TMath::Abs(By)>1.5)||(Bgenpt>10))&&hiBin>=0.000000&&hiBin<=180.000000
cut=pprimaryVertexFilter && phfCoincFilter2Th4 && pclusterCompatibilityFilter && Btrk1Pt>0.9 && Bpt>5.0 && (BsvpvDistance/BsvpvDisErr)>2.0 && Bchi2cl>0.05 && TMath::Abs(Btrk1Eta)<2.4 && TMath::Abs(By)<2.4 && TMath::Abs(PVz)<15 && Bmass>5 && Bmass<6 && TMath::Abs(Bmumumass-3.096900)<0.15 && Bmu1SoftMuID && Bmu2SoftMuID && Bmu1isAcc && Bmu2isAcc && Bmu1isTriggered && Bmu2isTriggered && (Btrk1PixelHit+Btrk1StripHit)>=11 && (Btrk1Chi2ndf/(Btrk1nStripLayer+Btrk1nPixelLayer))<0.18 && TMath::Abs(Btrk1PtErr/Btrk1Pt)<0.1 && ((Bpt>5 && Bpt<7 && (BsvpvDistance/BsvpvDisErr)>12 && cos(Bdtheta)>0.95) || (Bpt>7 && Bpt<10 && (BsvpvDistance/BsvpvDisErr)>9.0 && cos(Bdtheta)>0.92) || (Bpt>10 && Bpt<60)) && ((Bpt>5 && Bpt<7 && BDT_5_7>0.02) || (Bpt>7 && Bpt<10 && BDT_7_10>0.03) || (Bpt>10 && Bpt<15 && BDT_10_15>0.09) || (Bpt>15 && Bpt<20 && BDT_15_20>0.07) || (Bpt>20 && Bpt<30 && BDT_20_30>0.10) || (Bpt>30 && Bpt<40 && BDT_30_40>0.16) || (Bpt>40 && Bpt<50 && BDT_40_50>0.20) || (Bpt>50 && Bpt<60 && BDT_50_60>0.27))&&(HLT_HIL3Mu0NHitQ10_L2Mu0_MAXdR3p5_M1to5_v1)&&((Bgenpt>5&&Bgenpt<10&&TMath::Abs(By)>1.5)||(Bgenpt>10))&&hiBin>=0.000000&&hiBin<=180.000000
option=5
ERROR in TPDF::Open: Cannot open file:plotEff/canvasEff_studyPbPb.pdf
ERROR in TPDF::Open: Cannot open file:plotEff/canvasPthat_PbPb.pdf
ERROR in TPDF::Open: Cannot open file:plotEff/canvasSpectra_PbPb.pdf
ERROR in TPDF::Open: Cannot open file:plotEff/canvas1DhEff_PbPb.pdf
ERROR in TPDF::Open: Cannot open file:plotEff/canvas1DhPtMC_PbPb.pdf
ERROR in TPDF::Open: Cannot open file:plotEff/canvas1DhPtMCrecoonly_PbPb.pdf
ERROR in TPDF::Open: Cannot open file:plotEff/canvas1DhPtGen_PbPb.pdf
ERROR in TPDF::Open: Cannot open file:plotEff/canvas1DhPtGenAcc_PbPb.pdf
ERROR in TPDF::Open: Cannot open file:plotEff/canvas1DhEff_PbPb.pdf
ERROR in TPDF::Open: Cannot open file:plotEff/canvas1DhEffReco_PbPb.pdf
ERROR in TPDF::Open: Cannot open file:plotEff/canvas1DhEffAcc_PbPb.pdf
ERROR in TPDF::Open: Cannot open file:plotEff/canvas1DhEffSelection_PbPb.pdf
selmcgen=TMath::Abs(Gy)<2.4 && TMath::Abs(GpdgId)==521 && GisSignal==1 && GcollisionId==0 && ((Gpt>5 && Gpt<10 && TMath::Abs(Gy)>1.5) || (Gpt>10))&&hiBin>=0.000000&&hiBin<=180.000000
selmcgenacceptance=TMath::Abs(Gy)<2.4 && TMath::Abs(GpdgId)==521 && GisSignal==1 && GcollisionId==0 && TMath::Abs(Gtk1eta)<2.4 && ((TMath::Abs(Gmu1eta)<1.2 && Gmu1pt>3.5) || (TMath::Abs(Gmu1eta)>1.2 && TMath::Abs(Gmu1eta)<2.1 && Gmu1pt>5.47-1.89*TMath::Abs(Gmu1eta)) || (TMath::Abs(Gmu1eta)>2.1 && TMath::Abs(Gmu2eta)<2.4 && Gmu1pt>1.5)) && ((TMath::Abs(Gmu2eta)<1.2 && Gmu2pt>3.5) || (TMath::Abs(Gmu2eta)>1.2 && TMath::Abs(Gmu2eta)<2.1 && Gmu2pt>5.47-1.89*TMath::Abs(Gmu2eta)) || (TMath::Abs(Gmu2eta)>2.1 && TMath::Abs(Gmu2eta)<2.4 && Gmu2pt>1.5)) && ((Gpt>5 && Gpt<10 && TMath::Abs(Gy)>1.5) || (Gpt>10))&&hiBin>=0.000000&&hiBin<=180.000000
cut_recoonly=pprimaryVertexFilter && phfCoincFilter2Th4 && pclusterCompatibilityFilter && Btrk1Pt>0.9 && Bpt>3.0 && (BsvpvDistance/BsvpvDisErr)>2.0 && Bchi2cl>0.05 && TMath::Abs(Btrk1Eta)<2.4 && TMath::Abs(By)<2.4 && TMath::Abs(PVz)<15 && Bmass>5 && Bmass<6 && TMath::Abs(Bmumumass-3.096900)<0.15 && Bmu1SoftMuID && Bmu2SoftMuID && Bmu1isAcc && Bmu2isAcc && Bmu1isTriggered && Bmu2isTriggered && (Btrk1PixelHit+Btrk1StripHit)>=11 && (Btrk1Chi2ndf/(Btrk1nStripLayer+Btrk1nPixelLayer))<0.18 && TMath::Abs(Btrk1PtErr/Btrk1Pt)<0.1 && ((Bpt>5 && Bpt<7 && (BsvpvDistance/BsvpvDisErr)>12 && cos(Bdtheta)>0.95) || (Bpt>7 && Bpt<10 && (BsvpvDistance/BsvpvDisErr)>9.0 && cos(Bdtheta)>0.92) || (Bpt>10 && Bpt<60)) && ((Bpt>5 && Bpt<7 && BDT_5_7>0.02) || (Bpt>7 && Bpt<10 && BDT_7_10>0.03) || (Bpt>10 && Bpt<15 && BDT_10_15>0.09) || (Bpt>15 && Bpt<20 && BDT_15_20>0.07) || (Bpt>20 && Bpt<30 && BDT_20_30>0.10) || (Bpt>30 && Bpt<40 && BDT_30_40>0.16) || (Bpt>40 && Bpt<50 && BDT_40_50>0.20) || (Bpt>50 && Bpt<60 && BDT_50_60>0.27))&&((Bgenpt>5&&Bgenpt<10&&TMath::Abs(By)>1.5)||(Bgenpt>10))&&hiBin>=0.000000&&hiBin<=180.000000
cut=pprimaryVertexFilter && phfCoincFilter2Th4 && pclusterCompatibilityFilter && Btrk1Pt>0.9 && Bpt>5.0 && (BsvpvDistance/BsvpvDisErr)>2.0 && Bchi2cl>0.05 && TMath::Abs(Btrk1Eta)<2.4 && TMath::Abs(By)<2.4 && TMath::Abs(PVz)<15 && Bmass>5 && Bmass<6 && TMath::Abs(Bmumumass-3.096900)<0.15 && Bmu1SoftMuID && Bmu2SoftMuID && Bmu1isAcc && Bmu2isAcc && Bmu1isTriggered && Bmu2isTriggered && (Btrk1PixelHit+Btrk1StripHit)>=11 && (Btrk1Chi2ndf/(Btrk1nStripLayer+Btrk1nPixelLayer))<0.18 && TMath::Abs(Btrk1PtErr/Btrk1Pt)<0.1 && ((Bpt>5 && Bpt<7 && (BsvpvDistance/BsvpvDisErr)>12 && cos(Bdtheta)>0.95) || (Bpt>7 && Bpt<10 && (BsvpvDistance/BsvpvDisErr)>9.0 && cos(Bdtheta)>0.92) || (Bpt>10 && Bpt<60)) && ((Bpt>5 && Bpt<7 && BDT_5_7>0.02) || (Bpt>7 && Bpt<10 && BDT_7_10>0.03) || (Bpt>10 && Bpt<15 && BDT_10_15>0.09) || (Bpt>15 && Bpt<20 && BDT_15_20>0.07) || (Bpt>20 && Bpt<30 && BDT_20_30>0.10) || (Bpt>30 && Bpt<40 && BDT_30_40>0.16) || (Bpt>40 && Bpt<50 && BDT_40_50>0.20) || (Bpt>50 && Bpt<60 && BDT_50_60>0.27))&&(HLT_HIL3Mu0NHitQ10_L2Mu0_MAXdR3p5_M1to5_v1)&&((Bgenpt>5&&Bgenpt<10&&TMath::Abs(By)>1.5)||(Bgenpt>10))&&hiBin>=0.000000&&hiBin<=180.000000
option=6
ERROR in TPDF::Open: Cannot open file:plotEff/canvasEff_studyPbPb.pdf
ERROR in TPDF::Open: Cannot open file:plotEff/canvasPthat_PbPb.pdf
ERROR in TPDF::Open: Cannot open file:plotEff/canvasSpectra_PbPb.pdf
ERROR in TPDF::Open: Cannot open file:plotEff/canvas1DhEff_PbPb.pdf
ERROR in TPDF::Open: Cannot open file:plotEff/canvas1DhPtMC_PbPb.pdf
ERROR in TPDF::Open: Cannot open file:plotEff/canvas1DhPtMCrecoonly_PbPb.pdf
ERROR in TPDF::Open: Cannot open file:plotEff/canvas1DhPtGen_PbPb.pdf
ERROR in TPDF::Open: Cannot open file:plotEff/canvas1DhPtGenAcc_PbPb.pdf
ERROR in TPDF::Open: Cannot open file:plotEff/canvas1DhEff_PbPb.pdf
ERROR in TPDF::Open: Cannot open file:plotEff/canvas1DhEffReco_PbPb.pdf
ERROR in TPDF::Open: Cannot open file:plotEff/canvas1DhEffAcc_PbPb.pdf
ERROR in TPDF::Open: Cannot open file:plotEff/canvas1DhEffSelection_PbPb.pdf
selmcgen=TMath::Abs(Gy)<2.4 && TMath::Abs(GpdgId)==521 && GisSignal==1 && GcollisionId==0 && ((Gpt>5 && Gpt<10 && TMath::Abs(Gy)>1.5) || (Gpt>10))&&hiBin>=0.000000&&hiBin<=180.000000
selmcgenacceptance=TMath::Abs(Gy)<2.4 && TMath::Abs(GpdgId)==521 && GisSignal==1 && GcollisionId==0 && TMath::Abs(Gtk1eta)<2.4 && ((TMath::Abs(Gmu1eta)<1.2 && Gmu1pt>3.5) || (TMath::Abs(Gmu1eta)>1.2 && TMath::Abs(Gmu1eta)<2.1 && Gmu1pt>5.47-1.89*TMath::Abs(Gmu1eta)) || (TMath::Abs(Gmu1eta)>2.1 && TMath::Abs(Gmu2eta)<2.4 && Gmu1pt>1.5)) && ((TMath::Abs(Gmu2eta)<1.2 && Gmu2pt>3.5) || (TMath::Abs(Gmu2eta)>1.2 && TMath::Abs(Gmu2eta)<2.1 && Gmu2pt>5.47-1.89*TMath::Abs(Gmu2eta)) || (TMath::Abs(Gmu2eta)>2.1 && TMath::Abs(Gmu2eta)<2.4 && Gmu2pt>1.5)) && ((Gpt>5 && Gpt<10 && TMath::Abs(Gy)>1.5) || (Gpt>10))&&hiBin>=0.000000&&hiBin<=180.000000
cut_recoonly=pprimaryVertexFilter && phfCoincFilter2Th4 && pclusterCompatibilityFilter && Btrk1Pt>0.9 && Bpt>3.0 && (BsvpvDistance/BsvpvDisErr)>2.0 && Bchi2cl>0.05 && TMath::Abs(Btrk1Eta)<2.4 && TMath::Abs(By)<2.4 && TMath::Abs(PVz)<15 && Bmass>5 && Bmass<6 && TMath::Abs(Bmumumass-3.096900)<0.15 && Bmu1SoftMuID && Bmu2SoftMuID && Bmu1isAcc && Bmu2isAcc && Bmu1isTriggered && Bmu2isTriggered && (Btrk1PixelHit+Btrk1StripHit)>=11 && (Btrk1Chi2ndf/(Btrk1nStripLayer+Btrk1nPixelLayer))<0.18 && TMath::Abs(Btrk1PtErr/Btrk1Pt)<0.1 && ((Bpt>5 && Bpt<7 && (BsvpvDistance/BsvpvDisErr)>12 && cos(Bdtheta)>0.95) || (Bpt>7 && Bpt<10 && (BsvpvDistance/BsvpvDisErr)>9.0 && cos(Bdtheta)>0.92) || (Bpt>10 && Bpt<60)) && ((Bpt>5 && Bpt<7 && BDT_5_7>0.02) || (Bpt>7 && Bpt<10 && BDT_7_10>0.03) || (Bpt>10 && Bpt<15 && BDT_10_15>0.09) || (Bpt>15 && Bpt<20 && BDT_15_20>0.07) || (Bpt>20 && Bpt<30 && BDT_20_30>0.10) || (Bpt>30 && Bpt<40 && BDT_30_40>0.16) || (Bpt>40 && Bpt<50 && BDT_40_50>0.20) || (Bpt>50 && Bpt<60 && BDT_50_60>0.27))&&((Bgenpt>5&&Bgenpt<10&&TMath::Abs(By)>1.5)||(Bgenpt>10))&&hiBin>=0.000000&&hiBin<=180.000000
cut=pprimaryVertexFilter && phfCoincFilter2Th4 && pclusterCompatibilityFilter && Btrk1Pt>0.9 && Bpt>5.0 && (BsvpvDistance/BsvpvDisErr)>2.0 && Bchi2cl>0.05 && TMath::Abs(Btrk1Eta)<2.4 && TMath::Abs(By)<2.4 && TMath::Abs(PVz)<15 && Bmass>5 && Bmass<6 && TMath::Abs(Bmumumass-3.096900)<0.15 && Bmu1SoftMuID && Bmu2SoftMuID && Bmu1isAcc && Bmu2isAcc && Bmu1isTriggered && Bmu2isTriggered && (Btrk1PixelHit+Btrk1StripHit)>=11 && (Btrk1Chi2ndf/(Btrk1nStripLayer+Btrk1nPixelLayer))<0.18 && TMath::Abs(Btrk1PtErr/Btrk1Pt)<0.1 && ((Bpt>5 && Bpt<7 && (BsvpvDistance/BsvpvDisErr)>12 && cos(Bdtheta)>0.95) || (Bpt>7 && Bpt<10 && (BsvpvDistance/BsvpvDisErr)>9.0 && cos(Bdtheta)>0.92) || (Bpt>10 && Bpt<60)) && ((Bpt>5 && Bpt<7 && BDT_5_7>0.02) || (Bpt>7 && Bpt<10 && BDT_7_10>0.03) || (Bpt>10 && Bpt<15 && BDT_10_15>0.09) || (Bpt>15 && Bpt<20 && BDT_15_20>0.07) || (Bpt>20 && Bpt<30 && BDT_20_30>0.10) || (Bpt>30 && Bpt<40 && BDT_30_40>0.16) || (Bpt>40 && Bpt<50 && BDT_40_50>0.20) || (Bpt>50 && Bpt<60 && BDT_50_60>0.27))&&(HLT_HIL3Mu0NHitQ10_L2Mu0_MAXdR3p5_M1to5_v1)&&((Bgenpt>5&&Bgenpt<10&&TMath::Abs(By)>1.5)||(Bgenpt>10))&&hiBin>=0.000000&&hiBin<=180.000000
option=7
ERROR in TPDF::Open: Cannot open file:plotEff/canvasEff_studyPbPb.pdf
ERROR in TPDF::Open: Cannot open file:plotEff/canvasPthat_PbPb.pdf
ERROR in TPDF::Open: Cannot open file:plotEff/canvasSpectra_PbPb.pdf
ERROR in TPDF::Open: Cannot open file:plotEff/canvas1DhEff_PbPb.pdf
ERROR in TPDF::Open: Cannot open file:plotEff/canvas1DhPtMC_PbPb.pdf
ERROR in TPDF::Open: Cannot open file:plotEff/canvas1DhPtMCrecoonly_PbPb.pdf
ERROR in TPDF::Open: Cannot open file:plotEff/canvas1DhPtGen_PbPb.pdf
ERROR in TPDF::Open: Cannot open file:plotEff/canvas1DhPtGenAcc_PbPb.pdf
ERROR in TPDF::Open: Cannot open file:plotEff/canvas1DhEff_PbPb.pdf
ERROR in TPDF::Open: Cannot open file:plotEff/canvas1DhEffReco_PbPb.pdf
ERROR in TPDF::Open: Cannot open file:plotEff/canvas1DhEffAcc_PbPb.pdf
ERROR in TPDF::Open: Cannot open file:plotEff/canvas1DhEffSelection_PbPb.pdf
selmcgen=TMath::Abs(Gy)<2.4 && TMath::Abs(GpdgId)==521 && GisSignal==1 && GcollisionId==0 && ((Gpt>5 && Gpt<10 && TMath::Abs(Gy)>1.5) || (Gpt>10))&&hiBin>=0.000000&&hiBin<=180.000000
selmcgenacceptance=TMath::Abs(Gy)<2.4 && TMath::Abs(GpdgId)==521 && GisSignal==1 && GcollisionId==0 && TMath::Abs(Gtk1eta)<2.4 && ((TMath::Abs(Gmu1eta)<1.2 && Gmu1pt>3.5) || (TMath::Abs(Gmu1eta)>1.2 && TMath::Abs(Gmu1eta)<2.1 && Gmu1pt>5.47-1.89*TMath::Abs(Gmu1eta)) || (TMath::Abs(Gmu1eta)>2.1 && TMath::Abs(Gmu2eta)<2.4 && Gmu1pt>1.5)) && ((TMath::Abs(Gmu2eta)<1.2 && Gmu2pt>3.5) || (TMath::Abs(Gmu2eta)>1.2 && TMath::Abs(Gmu2eta)<2.1 && Gmu2pt>5.47-1.89*TMath::Abs(Gmu2eta)) || (TMath::Abs(Gmu2eta)>2.1 && TMath::Abs(Gmu2eta)<2.4 && Gmu2pt>1.5)) && ((Gpt>5 && Gpt<10 && TMath::Abs(Gy)>1.5) || (Gpt>10))&&hiBin>=0.000000&&hiBin<=180.000000
cut_recoonly=pprimaryVertexFilter && phfCoincFilter2Th4 && pclusterCompatibilityFilter && Btrk1Pt>0.9 && Bpt>3.0 && (BsvpvDistance/BsvpvDisErr)>2.0 && Bchi2cl>0.05 && TMath::Abs(Btrk1Eta)<2.4 && TMath::Abs(By)<2.4 && TMath::Abs(PVz)<15 && Bmass>5 && Bmass<6 && TMath::Abs(Bmumumass-3.096900)<0.15 && Bmu1SoftMuID && Bmu2SoftMuID && Bmu1isAcc && Bmu2isAcc && Bmu1isTriggered && Bmu2isTriggered && (Btrk1PixelHit+Btrk1StripHit)>=11 && (Btrk1Chi2ndf/(Btrk1nStripLayer+Btrk1nPixelLayer))<0.18 && TMath::Abs(Btrk1PtErr/Btrk1Pt)<0.1 && ((Bpt>5 && Bpt<7 && (BsvpvDistance/BsvpvDisErr)>12 && cos(Bdtheta)>0.95) || (Bpt>7 && Bpt<10 && (BsvpvDistance/BsvpvDisErr)>9.0 && cos(Bdtheta)>0.92) || (Bpt>10 && Bpt<60)) && ((Bpt>5 && Bpt<7 && BDT_5_7>0.02) || (Bpt>7 && Bpt<10 && BDT_7_10>0.03) || (Bpt>10 && Bpt<15 && BDT_10_15>0.09) || (Bpt>15 && Bpt<20 && BDT_15_20>0.07) || (Bpt>20 && Bpt<30 && BDT_20_30>0.10) || (Bpt>30 && Bpt<40 && BDT_30_40>0.16) || (Bpt>40 && Bpt<50 && BDT_40_50>0.20) || (Bpt>50 && Bpt<60 && BDT_50_60>0.27))&&((Bgenpt>5&&Bgenpt<10&&TMath::Abs(By)>1.5)||(Bgenpt>10))&&hiBin>=0.000000&&hiBin<=180.000000
cut=pprimaryVertexFilter && phfCoincFilter2Th4 && pclusterCompatibilityFilter && Btrk1Pt>0.9 && Bpt>5.0 && (BsvpvDistance/BsvpvDisErr)>2.0 && Bchi2cl>0.05 && TMath::Abs(Btrk1Eta)<2.4 && TMath::Abs(By)<2.4 && TMath::Abs(PVz)<15 && Bmass>5 && Bmass<6 && TMath::Abs(Bmumumass-3.096900)<0.15 && Bmu1SoftMuID && Bmu2SoftMuID && Bmu1isAcc && Bmu2isAcc && Bmu1isTriggered && Bmu2isTriggered && (Btrk1PixelHit+Btrk1StripHit)>=11 && (Btrk1Chi2ndf/(Btrk1nStripLayer+Btrk1nPixelLayer))<0.18 && TMath::Abs(Btrk1PtErr/Btrk1Pt)<0.1 && ((Bpt>5 && Bpt<7 && (BsvpvDistance/BsvpvDisErr)>12 && cos(Bdtheta)>0.95) || (Bpt>7 && Bpt<10 && (BsvpvDistance/BsvpvDisErr)>9.0 && cos(Bdtheta)>0.92) || (Bpt>10 && Bpt<60)) && ((Bpt>5 && Bpt<7 && BDT_5_7>0.02) || (Bpt>7 && Bpt<10 && BDT_7_10>0.03) || (Bpt>10 && Bpt<15 && BDT_10_15>0.09) || (Bpt>15 && Bpt<20 && BDT_15_20>0.07) || (Bpt>20 && Bpt<30 && BDT_20_30>0.10) || (Bpt>30 && Bpt<40 && BDT_30_40>0.16) || (Bpt>40 && Bpt<50 && BDT_40_50>0.20) || (Bpt>50 && Bpt<60 && BDT_50_60>0.27))&&(HLT_HIL3Mu0NHitQ10_L2Mu0_MAXdR3p5_M1to5_v1)&&((Bgenpt>5&&Bgenpt<10&&TMath::Abs(By)>1.5)||(Bgenpt>10))&&hiBin>=0.000000&&hiBin<=180.000000
option=8
ERROR in TPDF::Open: Cannot open file:plotEff/canvasEff_studyPbPb.pdf
ERROR in TPDF::Open: Cannot open file:plotEff/canvasPthat_PbPb.pdf
ERROR in TPDF::Open: Cannot open file:plotEff/canvasSpectra_PbPb.pdf
ERROR in TPDF::Open: Cannot open file:plotEff/canvas1DhEff_PbPb.pdf
ERROR in TPDF::Open: Cannot open file:plotEff/canvas1DhPtMC_PbPb.pdf
ERROR in TPDF::Open: Cannot open file:plotEff/canvas1DhPtMCrecoonly_PbPb.pdf
ERROR in TPDF::Open: Cannot open file:plotEff/canvas1DhPtGen_PbPb.pdf
ERROR in TPDF::Open: Cannot open file:plotEff/canvas1DhPtGenAcc_PbPb.pdf
ERROR in TPDF::Open: Cannot open file:plotEff/canvas1DhEff_PbPb.pdf
ERROR in TPDF::Open: Cannot open file:plotEff/canvas1DhEffReco_PbPb.pdf
ERROR in TPDF::Open: Cannot open file:plotEff/canvas1DhEffAcc_PbPb.pdf
ERROR in TPDF::Open: Cannot open file:plotEff/canvas1DhEffSelection_PbPb.pdf
selmcgen=TMath::Abs(Gy)<2.4 && TMath::Abs(GpdgId)==521 && GisSignal==1 && GcollisionId==0 && ((Gpt>5 && Gpt<10 && TMath::Abs(Gy)>1.5) || (Gpt>10))&&hiBin>=0.000000&&hiBin<=180.000000
selmcgenacceptance=TMath::Abs(Gy)<2.4 && TMath::Abs(GpdgId)==521 && GisSignal==1 && GcollisionId==0 && TMath::Abs(Gtk1eta)<2.4 && ((TMath::Abs(Gmu1eta)<1.2 && Gmu1pt>3.5) || (TMath::Abs(Gmu1eta)>1.2 && TMath::Abs(Gmu1eta)<2.1 && Gmu1pt>5.47-1.89*TMath::Abs(Gmu1eta)) || (TMath::Abs(Gmu1eta)>2.1 && TMath::Abs(Gmu2eta)<2.4 && Gmu1pt>1.5)) && ((TMath::Abs(Gmu2eta)<1.2 && Gmu2pt>3.5) || (TMath::Abs(Gmu2eta)>1.2 && TMath::Abs(Gmu2eta)<2.1 && Gmu2pt>5.47-1.89*TMath::Abs(Gmu2eta)) || (TMath::Abs(Gmu2eta)>2.1 && TMath::Abs(Gmu2eta)<2.4 && Gmu2pt>1.5)) && ((Gpt>5 && Gpt<10 && TMath::Abs(Gy)>1.5) || (Gpt>10))&&hiBin>=0.000000&&hiBin<=180.000000
cut_recoonly=pprimaryVertexFilter && phfCoincFilter2Th4 && pclusterCompatibilityFilter && Btrk1Pt>0.9 && Bpt>3.0 && (BsvpvDistance/BsvpvDisErr)>2.0 && Bchi2cl>0.05 && TMath::Abs(Btrk1Eta)<2.4 && TMath::Abs(By)<2.4 && TMath::Abs(PVz)<15 && Bmass>5 && Bmass<6 && TMath::Abs(Bmumumass-3.096900)<0.15 && Bmu1SoftMuID && Bmu2SoftMuID && Bmu1isAcc && Bmu2isAcc && Bmu1isTriggered && Bmu2isTriggered && (Btrk1PixelHit+Btrk1StripHit)>=11 && (Btrk1Chi2ndf/(Btrk1nStripLayer+Btrk1nPixelLayer))<0.18 && TMath::Abs(Btrk1PtErr/Btrk1Pt)<0.1 && ((Bpt>5 && Bpt<7 && (BsvpvDistance/BsvpvDisErr)>12 && cos(Bdtheta)>0.95) || (Bpt>7 && Bpt<10 && (BsvpvDistance/BsvpvDisErr)>9.0 && cos(Bdtheta)>0.92) || (Bpt>10 && Bpt<60)) && ((Bpt>5 && Bpt<7 && BDT_5_7>0.02) || (Bpt>7 && Bpt<10 && BDT_7_10>0.03) || (Bpt>10 && Bpt<15 && BDT_10_15>0.09) || (Bpt>15 && Bpt<20 && BDT_15_20>0.07) || (Bpt>20 && Bpt<30 && BDT_20_30>0.10) || (Bpt>30 && Bpt<40 && BDT_30_40>0.16) || (Bpt>40 && Bpt<50 && BDT_40_50>0.20) || (Bpt>50 && Bpt<60 && BDT_50_60>0.27))&&((Bgenpt>5&&Bgenpt<10&&TMath::Abs(By)>1.5)||(Bgenpt>10))&&hiBin>=0.000000&&hiBin<=180.000000
cut=pprimaryVertexFilter && phfCoincFilter2Th4 && pclusterCompatibilityFilter && Btrk1Pt>0.9 && Bpt>5.0 && (BsvpvDistance/BsvpvDisErr)>2.0 && Bchi2cl>0.05 && TMath::Abs(Btrk1Eta)<2.4 && TMath::Abs(By)<2.4 && TMath::Abs(PVz)<15 && Bmass>5 && Bmass<6 && TMath::Abs(Bmumumass-3.096900)<0.15 && Bmu1SoftMuID && Bmu2SoftMuID && Bmu1isAcc && Bmu2isAcc && Bmu1isTriggered && Bmu2isTriggered && (Btrk1PixelHit+Btrk1StripHit)>=11 && (Btrk1Chi2ndf/(Btrk1nStripLayer+Btrk1nPixelLayer))<0.18 && TMath::Abs(Btrk1PtErr/Btrk1Pt)<0.1 && ((Bpt>5 && Bpt<7 && (BsvpvDistance/BsvpvDisErr)>12 && cos(Bdtheta)>0.95) || (Bpt>7 && Bpt<10 && (BsvpvDistance/BsvpvDisErr)>9.0 && cos(Bdtheta)>0.92) || (Bpt>10 && Bpt<60)) && ((Bpt>5 && Bpt<7 && BDT_5_7>0.02) || (Bpt>7 && Bpt<10 && BDT_7_10>0.03) || (Bpt>10 && Bpt<15 && BDT_10_15>0.09) || (Bpt>15 && Bpt<20 && BDT_15_20>0.07) || (Bpt>20 && Bpt<30 && BDT_20_30>0.10) || (Bpt>30 && Bpt<40 && BDT_30_40>0.16) || (Bpt>40 && Bpt<50 && BDT_40_50>0.20) || (Bpt>50 && Bpt<60 && BDT_50_60>0.27))&&(HLT_HIL3Mu0NHitQ10_L2Mu0_MAXdR3p5_M1to5_v1)&&((Bgenpt>5&&Bgenpt<10&&TMath::Abs(By)>1.5)||(Bgenpt>10))&&hiBin>=0.000000&&hiBin<=180.000000
option=9
ERROR in TPDF::Open: Cannot open file:plotEff/canvasEff_studyPbPb.pdf
ERROR in TPDF::Open: Cannot open file:plotEff/canvasPthat_PbPb.pdf
ERROR in TPDF::Open: Cannot open file:plotEff/canvasSpectra_PbPb.pdf
ERROR in TPDF::Open: Cannot open file:plotEff/canvas1DhEff_PbPb.pdf
ERROR in TPDF::Open: Cannot open file:plotEff/canvas1DhPtMC_PbPb.pdf
ERROR in TPDF::Open: Cannot open file:plotEff/canvas1DhPtMCrecoonly_PbPb.pdf
ERROR in TPDF::Open: Cannot open file:plotEff/canvas1DhPtGen_PbPb.pdf
ERROR in TPDF::Open: Cannot open file:plotEff/canvas1DhPtGenAcc_PbPb.pdf
ERROR in TPDF::Open: Cannot open file:plotEff/canvas1DhEff_PbPb.pdf
ERROR in TPDF::Open: Cannot open file:plotEff/canvas1DhEffReco_PbPb.pdf
ERROR in TPDF::Open: Cannot open file:plotEff/canvas1DhEffAcc_PbPb.pdf
ERROR in TPDF::Open: Cannot open file:plotEff/canvas1DhEffSelection_PbPb.pdf
selmcgen=TMath::Abs(Gy)<2.4 && TMath::Abs(GpdgId)==521 && GisSignal==1 && GcollisionId==0 && ((Gpt>5 && Gpt<10 && TMath::Abs(Gy)>1.5) || (Gpt>10))&&hiBin>=0.000000&&hiBin<=180.000000
selmcgenacceptance=TMath::Abs(Gy)<2.4 && TMath::Abs(GpdgId)==521 && GisSignal==1 && GcollisionId==0 && TMath::Abs(Gtk1eta)<2.4 && ((TMath::Abs(Gmu1eta)<1.2 && Gmu1pt>3.5) || (TMath::Abs(Gmu1eta)>1.2 && TMath::Abs(Gmu1eta)<2.1 && Gmu1pt>5.47-1.89*TMath::Abs(Gmu1eta)) || (TMath::Abs(Gmu1eta)>2.1 && TMath::Abs(Gmu2eta)<2.4 && Gmu1pt>1.5)) && ((TMath::Abs(Gmu2eta)<1.2 && Gmu2pt>3.5) || (TMath::Abs(Gmu2eta)>1.2 && TMath::Abs(Gmu2eta)<2.1 && Gmu2pt>5.47-1.89*TMath::Abs(Gmu2eta)) || (TMath::Abs(Gmu2eta)>2.1 && TMath::Abs(Gmu2eta)<2.4 && Gmu2pt>1.5)) && ((Gpt>5 && Gpt<10 && TMath::Abs(Gy)>1.5) || (Gpt>10))&&hiBin>=0.000000&&hiBin<=180.000000
cut_recoonly=pprimaryVertexFilter && phfCoincFilter2Th4 && pclusterCompatibilityFilter && Btrk1Pt>0.9 && Bpt>3.0 && (BsvpvDistance/BsvpvDisErr)>2.0 && Bchi2cl>0.05 && TMath::Abs(Btrk1Eta)<2.4 && TMath::Abs(By)<2.4 && TMath::Abs(PVz)<15 && Bmass>5 && Bmass<6 && TMath::Abs(Bmumumass-3.096900)<0.15 && Bmu1SoftMuID && Bmu2SoftMuID && Bmu1isAcc && Bmu2isAcc && Bmu1isTriggered && Bmu2isTriggered && (Btrk1PixelHit+Btrk1StripHit)>=11 && (Btrk1Chi2ndf/(Btrk1nStripLayer+Btrk1nPixelLayer))<0.18 && TMath::Abs(Btrk1PtErr/Btrk1Pt)<0.1 && ((Bpt>5 && Bpt<7 && (BsvpvDistance/BsvpvDisErr)>12 && cos(Bdtheta)>0.95) || (Bpt>7 && Bpt<10 && (BsvpvDistance/BsvpvDisErr)>9.0 && cos(Bdtheta)>0.92) || (Bpt>10 && Bpt<60)) && ((Bpt>5 && Bpt<7 && BDT_5_7>0.02) || (Bpt>7 && Bpt<10 && BDT_7_10>0.03) || (Bpt>10 && Bpt<15 && BDT_10_15>0.09) || (Bpt>15 && Bpt<20 && BDT_15_20>0.07) || (Bpt>20 && Bpt<30 && BDT_20_30>0.10) || (Bpt>30 && Bpt<40 && BDT_30_40>0.16) || (Bpt>40 && Bpt<50 && BDT_40_50>0.20) || (Bpt>50 && Bpt<60 && BDT_50_60>0.27))&&((Bgenpt>5&&Bgenpt<10&&TMath::Abs(By)>1.5)||(Bgenpt>10))&&hiBin>=0.000000&&hiBin<=180.000000
cut=pprimaryVertexFilter && phfCoincFilter2Th4 && pclusterCompatibilityFilter && Btrk1Pt>0.9 && Bpt>5.0 && (BsvpvDistance/BsvpvDisErr)>2.0 && Bchi2cl>0.05 && TMath::Abs(Btrk1Eta)<2.4 && TMath::Abs(By)<2.4 && TMath::Abs(PVz)<15 && Bmass>5 && Bmass<6 && TMath::Abs(Bmumumass-3.096900)<0.15 && Bmu1SoftMuID && Bmu2SoftMuID && Bmu1isAcc && Bmu2isAcc && Bmu1isTriggered && Bmu2isTriggered && (Btrk1PixelHit+Btrk1StripHit)>=11 && (Btrk1Chi2ndf/(Btrk1nStripLayer+Btrk1nPixelLayer))<0.18 && TMath::Abs(Btrk1PtErr/Btrk1Pt)<0.1 && ((Bpt>5 && Bpt<7 && (BsvpvDistance/BsvpvDisErr)>12 && cos(Bdtheta)>0.95) || (Bpt>7 && Bpt<10 && (BsvpvDistance/BsvpvDisErr)>9.0 && cos(Bdtheta)>0.92) || (Bpt>10 && Bpt<60)) && ((Bpt>5 && Bpt<7 && BDT_5_7>0.02) || (Bpt>7 && Bpt<10 && BDT_7_10>0.03) || (Bpt>10 && Bpt<15 && BDT_10_15>0.09) || (Bpt>15 && Bpt<20 && BDT_15_20>0.07) || (Bpt>20 && Bpt<30 && BDT_20_30>0.10) || (Bpt>30 && Bpt<40 && BDT_30_40>0.16) || (Bpt>40 && Bpt<50 && BDT_40_50>0.20) || (Bpt>50 && Bpt<60 && BDT_50_60>0.27))&&(HLT_HIL3Mu0NHitQ10_L2Mu0_MAXdR3p5_M1to5_v1)&&((Bgenpt>5&&Bgenpt<10&&TMath::Abs(By)>1.5)||(Bgenpt>10))&&hiBin>=0.000000&&hiBin<=180.000000
option=10
ERROR in TPDF::Open: Cannot open file:plotEff/canvasEff_studyPbPb.pdf
ERROR in TPDF::Open: Cannot open file:plotEff/canvasPthat_PbPb.pdf
ERROR in TPDF::Open: Cannot open file:plotEff/canvasSpectra_PbPb.pdf
ERROR in TPDF::Open: Cannot open file:plotEff/canvas1DhEff_PbPb.pdf
ERROR in TPDF::Open: Cannot open file:plotEff/canvas1DhPtMC_PbPb.pdf
ERROR in TPDF::Open: Cannot open file:plotEff/canvas1DhPtMCrecoonly_PbPb.pdf
ERROR in TPDF::Open: Cannot open file:plotEff/canvas1DhPtGen_PbPb.pdf
ERROR in TPDF::Open: Cannot open file:plotEff/canvas1DhPtGenAcc_PbPb.pdf
ERROR in TPDF::Open: Cannot open file:plotEff/canvas1DhEff_PbPb.pdf
ERROR in TPDF::Open: Cannot open file:plotEff/canvas1DhEffReco_PbPb.pdf
ERROR in TPDF::Open: Cannot open file:plotEff/canvas1DhEffAcc_PbPb.pdf
ERROR in TPDF::Open: Cannot open file:plotEff/canvas1DhEffSelection_PbPb.pdf
Now Working on 0 - 30
selmcgen=TMath::Abs(Gy)<2.4 && TMath::Abs(GpdgId)==521 && GisSignal==1 && GcollisionId==0 && ((Gpt>5 && Gpt<10 && TMath::Abs(Gy)>1.5) || (Gpt>10))&&hiBin>=0.000000&&hiBin<=60.000000
selmcgenacceptance=TMath::Abs(Gy)<2.4 && TMath::Abs(GpdgId)==521 && GisSignal==1 && GcollisionId==0 && TMath::Abs(Gtk1eta)<2.4 && ((TMath::Abs(Gmu1eta)<1.2 && Gmu1pt>3.5) || (TMath::Abs(Gmu1eta)>1.2 && TMath::Abs(Gmu1eta)<2.1 && Gmu1pt>5.47-1.89*TMath::Abs(Gmu1eta)) || (TMath::Abs(Gmu1eta)>2.1 && TMath::Abs(Gmu2eta)<2.4 && Gmu1pt>1.5)) && ((TMath::Abs(Gmu2eta)<1.2 && Gmu2pt>3.5) || (TMath::Abs(Gmu2eta)>1.2 && TMath::Abs(Gmu2eta)<2.1 && Gmu2pt>5.47-1.89*TMath::Abs(Gmu2eta)) || (TMath::Abs(Gmu2eta)>2.1 && TMath::Abs(Gmu2eta)<2.4 && Gmu2pt>1.5)) && ((Gpt>5 && Gpt<10 && TMath::Abs(Gy)>1.5) || (Gpt>10))&&hiBin>=0.000000&&hiBin<=60.000000
cut_recoonly=pprimaryVertexFilter && phfCoincFilter2Th4 && pclusterCompatibilityFilter && Btrk1Pt>0.9 && Bpt>3.0 && (BsvpvDistance/BsvpvDisErr)>2.0 && Bchi2cl>0.05 && TMath::Abs(Btrk1Eta)<2.4 && TMath::Abs(By)<2.4 && TMath::Abs(PVz)<15 && Bmass>5 && Bmass<6 && TMath::Abs(Bmumumass-3.096900)<0.15 && Bmu1SoftMuID && Bmu2SoftMuID && Bmu1isAcc && Bmu2isAcc && Bmu1isTriggered && Bmu2isTriggered && (Btrk1PixelHit+Btrk1StripHit)>=11 && (Btrk1Chi2ndf/(Btrk1nStripLayer+Btrk1nPixelLayer))<0.18 && TMath::Abs(Btrk1PtErr/Btrk1Pt)<0.1 && ((Bpt>5 && Bpt<7 && (BsvpvDistance/BsvpvDisErr)>12 && cos(Bdtheta)>0.95) || (Bpt>7 && Bpt<10 && (BsvpvDistance/BsvpvDisErr)>9.0 && cos(Bdtheta)>0.92) || (Bpt>10 && Bpt<60)) && ((Bpt>5 && Bpt<7 && BDT_5_7>0.02) || (Bpt>7 && Bpt<10 && BDT_7_10>0.03) || (Bpt>10 && Bpt<15 && BDT_10_15>0.09) || (Bpt>15 && Bpt<20 && BDT_15_20>0.07) || (Bpt>20 && Bpt<30 && BDT_20_30>0.10) || (Bpt>30 && Bpt<40 && BDT_30_40>0.16) || (Bpt>40 && Bpt<50 && BDT_40_50>0.20) || (Bpt>50 && Bpt<60 && BDT_50_60>0.27))&&((Bgenpt>5&&Bgenpt<10&&TMath::Abs(By)>1.5)||(Bgenpt>10))&&hiBin>=0.000000&&hiBin<=60.000000
cut=pprimaryVertexFilter && phfCoincFilter2Th4 && pclusterCompatibilityFilter && Btrk1Pt>0.9 && Bpt>5.0 && (BsvpvDistance/BsvpvDisErr)>2.0 && Bchi2cl>0.05 && TMath::Abs(Btrk1Eta)<2.4 && TMath::Abs(By)<2.4 && TMath::Abs(PVz)<15 && Bmass>5 && Bmass<6 && TMath::Abs(Bmumumass-3.096900)<0.15 && Bmu1SoftMuID && Bmu2SoftMuID && Bmu1isAcc && Bmu2isAcc && Bmu1isTriggered && Bmu2isTriggered && (Btrk1PixelHit+Btrk1StripHit)>=11 && (Btrk1Chi2ndf/(Btrk1nStripLayer+Btrk1nPixelLayer))<0.18 && TMath::Abs(Btrk1PtErr/Btrk1Pt)<0.1 && ((Bpt>5 && Bpt<7 && (BsvpvDistance/BsvpvDisErr)>12 && cos(Bdtheta)>0.95) || (Bpt>7 && Bpt<10 && (BsvpvDistance/BsvpvDisErr)>9.0 && cos(Bdtheta)>0.92) || (Bpt>10 && Bpt<60)) && ((Bpt>5 && Bpt<7 && BDT_5_7>0.02) || (Bpt>7 && Bpt<10 && BDT_7_10>0.03) || (Bpt>10 && Bpt<15 && BDT_10_15>0.09) || (Bpt>15 && Bpt<20 && BDT_15_20>0.07) || (Bpt>20 && Bpt<30 && BDT_20_30>0.10) || (Bpt>30 && Bpt<40 && BDT_30_40>0.16) || (Bpt>40 && Bpt<50 && BDT_40_50>0.20) || (Bpt>50 && Bpt<60 && BDT_50_60>0.27))&&(HLT_HIL3Mu0NHitQ10_L2Mu0_MAXdR3p5_M1to5_v1)&&((Bgenpt>5&&Bgenpt<10&&TMath::Abs(By)>1.5)||(Bgenpt>10))&&hiBin>=0.000000&&hiBin<=60.000000
option=4
ERROR in TPDF::Open: Cannot open file:plotEff/canvasEff_studyPbPb.pdf
ERROR in TPDF::Open: Cannot open file:plotEff/canvasPthat_PbPb.pdf
ERROR in TPDF::Open: Cannot open file:plotEff/canvasSpectra_PbPb.pdf
ERROR in TPDF::Open: Cannot open file:plotEff/canvas1DhEff_PbPb.pdf
ERROR in TPDF::Open: Cannot open file:plotEff/canvas1DhPtMC_PbPb.pdf
ERROR in TPDF::Open: Cannot open file:plotEff/canvas1DhPtMCrecoonly_PbPb.pdf
ERROR in TPDF::Open: Cannot open file:plotEff/canvas1DhPtGen_PbPb.pdf
ERROR in TPDF::Open: Cannot open file:plotEff/canvas1DhPtGenAcc_PbPb.pdf
ERROR in TPDF::Open: Cannot open file:plotEff/canvas1DhEff_PbPb.pdf
ERROR in TPDF::Open: Cannot open file:plotEff/canvas1DhEffReco_PbPb.pdf
ERROR in TPDF::Open: Cannot open file:plotEff/canvas1DhEffAcc_PbPb.pdf
ERROR in TPDF::Open: Cannot open file:plotEff/canvas1DhEffSelection_PbPb.pdf
selmcgen=TMath::Abs(Gy)<2.4 && TMath::Abs(GpdgId)==521 && GisSignal==1 && GcollisionId==0 && ((Gpt>5 && Gpt<10 && TMath::Abs(Gy)>1.5) || (Gpt>10))&&hiBin>=0.000000&&hiBin<=60.000000
selmcgenacceptance=TMath::Abs(Gy)<2.4 && TMath::Abs(GpdgId)==521 && GisSignal==1 && GcollisionId==0 && TMath::Abs(Gtk1eta)<2.4 && ((TMath::Abs(Gmu1eta)<1.2 && Gmu1pt>3.5) || (TMath::Abs(Gmu1eta)>1.2 && TMath::Abs(Gmu1eta)<2.1 && Gmu1pt>5.47-1.89*TMath::Abs(Gmu1eta)) || (TMath::Abs(Gmu1eta)>2.1 && TMath::Abs(Gmu2eta)<2.4 && Gmu1pt>1.5)) && ((TMath::Abs(Gmu2eta)<1.2 && Gmu2pt>3.5) || (TMath::Abs(Gmu2eta)>1.2 && TMath::Abs(Gmu2eta)<2.1 && Gmu2pt>5.47-1.89*TMath::Abs(Gmu2eta)) || (TMath::Abs(Gmu2eta)>2.1 && TMath::Abs(Gmu2eta)<2.4 && Gmu2pt>1.5)) && ((Gpt>5 && Gpt<10 && TMath::Abs(Gy)>1.5) || (Gpt>10))&&hiBin>=0.000000&&hiBin<=60.000000
cut_recoonly=pprimaryVertexFilter && phfCoincFilter2Th4 && pclusterCompatibilityFilter && Btrk1Pt>0.9 && Bpt>3.0 && (BsvpvDistance/BsvpvDisErr)>2.0 && Bchi2cl>0.05 && TMath::Abs(Btrk1Eta)<2.4 && TMath::Abs(By)<2.4 && TMath::Abs(PVz)<15 && Bmass>5 && Bmass<6 && TMath::Abs(Bmumumass-3.096900)<0.15 && Bmu1SoftMuID && Bmu2SoftMuID && Bmu1isAcc && Bmu2isAcc && Bmu1isTriggered && Bmu2isTriggered && (Btrk1PixelHit+Btrk1StripHit)>=11 && (Btrk1Chi2ndf/(Btrk1nStripLayer+Btrk1nPixelLayer))<0.18 && TMath::Abs(Btrk1PtErr/Btrk1Pt)<0.1 && ((Bpt>5 && Bpt<7 && (BsvpvDistance/BsvpvDisErr)>12 && cos(Bdtheta)>0.95) || (Bpt>7 && Bpt<10 && (BsvpvDistance/BsvpvDisErr)>9.0 && cos(Bdtheta)>0.92) || (Bpt>10 && Bpt<60)) && ((Bpt>5 && Bpt<7 && BDT_5_7>0.02) || (Bpt>7 && Bpt<10 && BDT_7_10>0.03) || (Bpt>10 && Bpt<15 && BDT_10_15>0.09) || (Bpt>15 && Bpt<20 && BDT_15_20>0.07) || (Bpt>20 && Bpt<30 && BDT_20_30>0.10) || (Bpt>30 && Bpt<40 && BDT_30_40>0.16) || (Bpt>40 && Bpt<50 && BDT_40_50>0.20) || (Bpt>50 && Bpt<60 && BDT_50_60>0.27))&&((Bgenpt>5&&Bgenpt<10&&TMath::Abs(By)>1.5)||(Bgenpt>10))&&hiBin>=0.000000&&hiBin<=60.000000
cut=pprimaryVertexFilter && phfCoincFilter2Th4 && pclusterCompatibilityFilter && Btrk1Pt>0.9 && Bpt>5.0 && (BsvpvDistance/BsvpvDisErr)>2.0 && Bchi2cl>0.05 && TMath::Abs(Btrk1Eta)<2.4 && TMath::Abs(By)<2.4 && TMath::Abs(PVz)<15 && Bmass>5 && Bmass<6 && TMath::Abs(Bmumumass-3.096900)<0.15 && Bmu1SoftMuID && Bmu2SoftMuID && Bmu1isAcc && Bmu2isAcc && Bmu1isTriggered && Bmu2isTriggered && (Btrk1PixelHit+Btrk1StripHit)>=11 && (Btrk1Chi2ndf/(Btrk1nStripLayer+Btrk1nPixelLayer))<0.18 && TMath::Abs(Btrk1PtErr/Btrk1Pt)<0.1 && ((Bpt>5 && Bpt<7 && (BsvpvDistance/BsvpvDisErr)>12 && cos(Bdtheta)>0.95) || (Bpt>7 && Bpt<10 && (BsvpvDistance/BsvpvDisErr)>9.0 && cos(Bdtheta)>0.92) || (Bpt>10 && Bpt<60)) && ((Bpt>5 && Bpt<7 && BDT_5_7>0.02) || (Bpt>7 && Bpt<10 && BDT_7_10>0.03) || (Bpt>10 && Bpt<15 && BDT_10_15>0.09) || (Bpt>15 && Bpt<20 && BDT_15_20>0.07) || (Bpt>20 && Bpt<30 && BDT_20_30>0.10) || (Bpt>30 && Bpt<40 && BDT_30_40>0.16) || (Bpt>40 && Bpt<50 && BDT_40_50>0.20) || (Bpt>50 && Bpt<60 && BDT_50_60>0.27))&&(HLT_HIL3Mu0NHitQ10_L2Mu0_MAXdR3p5_M1to5_v1)&&((Bgenpt>5&&Bgenpt<10&&TMath::Abs(By)>1.5)||(Bgenpt>10))&&hiBin>=0.000000&&hiBin<=60.000000
option=5
ERROR in TPDF::Open: Cannot open file:plotEff/canvasEff_studyPbPb.pdf
ERROR in TPDF::Open: Cannot open file:plotEff/canvasPthat_PbPb.pdf
ERROR in TPDF::Open: Cannot open file:plotEff/canvasSpectra_PbPb.pdf
ERROR in TPDF::Open: Cannot open file:plotEff/canvas1DhEff_PbPb.pdf
ERROR in TPDF::Open: Cannot open file:plotEff/canvas1DhPtMC_PbPb.pdf
ERROR in TPDF::Open: Cannot open file:plotEff/canvas1DhPtMCrecoonly_PbPb.pdf
ERROR in TPDF::Open: Cannot open file:plotEff/canvas1DhPtGen_PbPb.pdf
ERROR in TPDF::Open: Cannot open file:plotEff/canvas1DhPtGenAcc_PbPb.pdf
ERROR in TPDF::Open: Cannot open file:plotEff/canvas1DhEff_PbPb.pdf
ERROR in TPDF::Open: Cannot open file:plotEff/canvas1DhEffReco_PbPb.pdf
ERROR in TPDF::Open: Cannot open file:plotEff/canvas1DhEffAcc_PbPb.pdf
ERROR in TPDF::Open: Cannot open file:plotEff/canvas1DhEffSelection_PbPb.pdf
selmcgen=TMath::Abs(Gy)<2.4 && TMath::Abs(GpdgId)==521 && GisSignal==1 && GcollisionId==0 && ((Gpt>5 && Gpt<10 && TMath::Abs(Gy)>1.5) || (Gpt>10))&&hiBin>=0.000000&&hiBin<=60.000000
selmcgenacceptance=TMath::Abs(Gy)<2.4 && TMath::Abs(GpdgId)==521 && GisSignal==1 && GcollisionId==0 && TMath::Abs(Gtk1eta)<2.4 && ((TMath::Abs(Gmu1eta)<1.2 && Gmu1pt>3.5) || (TMath::Abs(Gmu1eta)>1.2 && TMath::Abs(Gmu1eta)<2.1 && Gmu1pt>5.47-1.89*TMath::Abs(Gmu1eta)) || (TMath::Abs(Gmu1eta)>2.1 && TMath::Abs(Gmu2eta)<2.4 && Gmu1pt>1.5)) && ((TMath::Abs(Gmu2eta)<1.2 && Gmu2pt>3.5) || (TMath::Abs(Gmu2eta)>1.2 && TMath::Abs(Gmu2eta)<2.1 && Gmu2pt>5.47-1.89*TMath::Abs(Gmu2eta)) || (TMath::Abs(Gmu2eta)>2.1 && TMath::Abs(Gmu2eta)<2.4 && Gmu2pt>1.5)) && ((Gpt>5 && Gpt<10 && TMath::Abs(Gy)>1.5) || (Gpt>10))&&hiBin>=0.000000&&hiBin<=60.000000
cut_recoonly=pprimaryVertexFilter && phfCoincFilter2Th4 && pclusterCompatibilityFilter && Btrk1Pt>0.9 && Bpt>3.0 && (BsvpvDistance/BsvpvDisErr)>2.0 && Bchi2cl>0.05 && TMath::Abs(Btrk1Eta)<2.4 && TMath::Abs(By)<2.4 && TMath::Abs(PVz)<15 && Bmass>5 && Bmass<6 && TMath::Abs(Bmumumass-3.096900)<0.15 && Bmu1SoftMuID && Bmu2SoftMuID && Bmu1isAcc && Bmu2isAcc && Bmu1isTriggered && Bmu2isTriggered && (Btrk1PixelHit+Btrk1StripHit)>=11 && (Btrk1Chi2ndf/(Btrk1nStripLayer+Btrk1nPixelLayer))<0.18 && TMath::Abs(Btrk1PtErr/Btrk1Pt)<0.1 && ((Bpt>5 && Bpt<7 && (BsvpvDistance/BsvpvDisErr)>12 && cos(Bdtheta)>0.95) || (Bpt>7 && Bpt<10 && (BsvpvDistance/BsvpvDisErr)>9.0 && cos(Bdtheta)>0.92) || (Bpt>10 && Bpt<60)) && ((Bpt>5 && Bpt<7 && BDT_5_7>0.02) || (Bpt>7 && Bpt<10 && BDT_7_10>0.03) || (Bpt>10 && Bpt<15 && BDT_10_15>0.09) || (Bpt>15 && Bpt<20 && BDT_15_20>0.07) || (Bpt>20 && Bpt<30 && BDT_20_30>0.10) || (Bpt>30 && Bpt<40 && BDT_30_40>0.16) || (Bpt>40 && Bpt<50 && BDT_40_50>0.20) || (Bpt>50 && Bpt<60 && BDT_50_60>0.27))&&((Bgenpt>5&&Bgenpt<10&&TMath::Abs(By)>1.5)||(Bgenpt>10))&&hiBin>=0.000000&&hiBin<=60.000000
cut=pprimaryVertexFilter && phfCoincFilter2Th4 && pclusterCompatibilityFilter && Btrk1Pt>0.9 && Bpt>5.0 && (BsvpvDistance/BsvpvDisErr)>2.0 && Bchi2cl>0.05 && TMath::Abs(Btrk1Eta)<2.4 && TMath::Abs(By)<2.4 && TMath::Abs(PVz)<15 && Bmass>5 && Bmass<6 && TMath::Abs(Bmumumass-3.096900)<0.15 && Bmu1SoftMuID && Bmu2SoftMuID && Bmu1isAcc && Bmu2isAcc && Bmu1isTriggered && Bmu2isTriggered && (Btrk1PixelHit+Btrk1StripHit)>=11 && (Btrk1Chi2ndf/(Btrk1nStripLayer+Btrk1nPixelLayer))<0.18 && TMath::Abs(Btrk1PtErr/Btrk1Pt)<0.1 && ((Bpt>5 && Bpt<7 && (BsvpvDistance/BsvpvDisErr)>12 && cos(Bdtheta)>0.95) || (Bpt>7 && Bpt<10 && (BsvpvDistance/BsvpvDisErr)>9.0 && cos(Bdtheta)>0.92) || (Bpt>10 && Bpt<60)) && ((Bpt>5 && Bpt<7 && BDT_5_7>0.02) || (Bpt>7 && Bpt<10 && BDT_7_10>0.03) || (Bpt>10 && Bpt<15 && BDT_10_15>0.09) || (Bpt>15 && Bpt<20 && BDT_15_20>0.07) || (Bpt>20 && Bpt<30 && BDT_20_30>0.10) || (Bpt>30 && Bpt<40 && BDT_30_40>0.16) || (Bpt>40 && Bpt<50 && BDT_40_50>0.20) || (Bpt>50 && Bpt<60 && BDT_50_60>0.27))&&(HLT_HIL3Mu0NHitQ10_L2Mu0_MAXdR3p5_M1to5_v1)&&((Bgenpt>5&&Bgenpt<10&&TMath::Abs(By)>1.5)||(Bgenpt>10))&&hiBin>=0.000000&&hiBin<=60.000000
option=6
ERROR in TPDF::Open: Cannot open file:plotEff/canvasEff_studyPbPb.pdf
ERROR in TPDF::Open: Cannot open file:plotEff/canvasPthat_PbPb.pdf
ERROR in TPDF::Open: Cannot open file:plotEff/canvasSpectra_PbPb.pdf
ERROR in TPDF::Open: Cannot open file:plotEff/canvas1DhEff_PbPb.pdf
ERROR in TPDF::Open: Cannot open file:plotEff/canvas1DhPtMC_PbPb.pdf
ERROR in TPDF::Open: Cannot open file:plotEff/canvas1DhPtMCrecoonly_PbPb.pdf
ERROR in TPDF::Open: Cannot open file:plotEff/canvas1DhPtGen_PbPb.pdf
ERROR in TPDF::Open: Cannot open file:plotEff/canvas1DhPtGenAcc_PbPb.pdf
ERROR in TPDF::Open: Cannot open file:plotEff/canvas1DhEff_PbPb.pdf
ERROR in TPDF::Open: Cannot open file:plotEff/canvas1DhEffReco_PbPb.pdf
ERROR in TPDF::Open: Cannot open file:plotEff/canvas1DhEffAcc_PbPb.pdf
ERROR in TPDF::Open: Cannot open file:plotEff/canvas1DhEffSelection_PbPb.pdf
selmcgen=TMath::Abs(Gy)<2.4 && TMath::Abs(GpdgId)==521 && GisSignal==1 && GcollisionId==0 && ((Gpt>5 && Gpt<10 && TMath::Abs(Gy)>1.5) || (Gpt>10))&&hiBin>=0.000000&&hiBin<=60.000000
selmcgenacceptance=TMath::Abs(Gy)<2.4 && TMath::Abs(GpdgId)==521 && GisSignal==1 && GcollisionId==0 && TMath::Abs(Gtk1eta)<2.4 && ((TMath::Abs(Gmu1eta)<1.2 && Gmu1pt>3.5) || (TMath::Abs(Gmu1eta)>1.2 && TMath::Abs(Gmu1eta)<2.1 && Gmu1pt>5.47-1.89*TMath::Abs(Gmu1eta)) || (TMath::Abs(Gmu1eta)>2.1 && TMath::Abs(Gmu2eta)<2.4 && Gmu1pt>1.5)) && ((TMath::Abs(Gmu2eta)<1.2 && Gmu2pt>3.5) || (TMath::Abs(Gmu2eta)>1.2 && TMath::Abs(Gmu2eta)<2.1 && Gmu2pt>5.47-1.89*TMath::Abs(Gmu2eta)) || (TMath::Abs(Gmu2eta)>2.1 && TMath::Abs(Gmu2eta)<2.4 && Gmu2pt>1.5)) && ((Gpt>5 && Gpt<10 && TMath::Abs(Gy)>1.5) || (Gpt>10))&&hiBin>=0.000000&&hiBin<=60.000000
cut_recoonly=pprimaryVertexFilter && phfCoincFilter2Th4 && pclusterCompatibilityFilter && Btrk1Pt>0.9 && Bpt>3.0 && (BsvpvDistance/BsvpvDisErr)>2.0 && Bchi2cl>0.05 && TMath::Abs(Btrk1Eta)<2.4 && TMath::Abs(By)<2.4 && TMath::Abs(PVz)<15 && Bmass>5 && Bmass<6 && TMath::Abs(Bmumumass-3.096900)<0.15 && Bmu1SoftMuID && Bmu2SoftMuID && Bmu1isAcc && Bmu2isAcc && Bmu1isTriggered && Bmu2isTriggered && (Btrk1PixelHit+Btrk1StripHit)>=11 && (Btrk1Chi2ndf/(Btrk1nStripLayer+Btrk1nPixelLayer))<0.18 && TMath::Abs(Btrk1PtErr/Btrk1Pt)<0.1 && ((Bpt>5 && Bpt<7 && (BsvpvDistance/BsvpvDisErr)>12 && cos(Bdtheta)>0.95) || (Bpt>7 && Bpt<10 && (BsvpvDistance/BsvpvDisErr)>9.0 && cos(Bdtheta)>0.92) || (Bpt>10 && Bpt<60)) && ((Bpt>5 && Bpt<7 && BDT_5_7>0.02) || (Bpt>7 && Bpt<10 && BDT_7_10>0.03) || (Bpt>10 && Bpt<15 && BDT_10_15>0.09) || (Bpt>15 && Bpt<20 && BDT_15_20>0.07) || (Bpt>20 && Bpt<30 && BDT_20_30>0.10) || (Bpt>30 && Bpt<40 && BDT_30_40>0.16) || (Bpt>40 && Bpt<50 && BDT_40_50>0.20) || (Bpt>50 && Bpt<60 && BDT_50_60>0.27))&&((Bgenpt>5&&Bgenpt<10&&TMath::Abs(By)>1.5)||(Bgenpt>10))&&hiBin>=0.000000&&hiBin<=60.000000
cut=pprimaryVertexFilter && phfCoincFilter2Th4 && pclusterCompatibilityFilter && Btrk1Pt>0.9 && Bpt>5.0 && (BsvpvDistance/BsvpvDisErr)>2.0 && Bchi2cl>0.05 && TMath::Abs(Btrk1Eta)<2.4 && TMath::Abs(By)<2.4 && TMath::Abs(PVz)<15 && Bmass>5 && Bmass<6 && TMath::Abs(Bmumumass-3.096900)<0.15 && Bmu1SoftMuID && Bmu2SoftMuID && Bmu1isAcc && Bmu2isAcc && Bmu1isTriggered && Bmu2isTriggered && (Btrk1PixelHit+Btrk1StripHit)>=11 && (Btrk1Chi2ndf/(Btrk1nStripLayer+Btrk1nPixelLayer))<0.18 && TMath::Abs(Btrk1PtErr/Btrk1Pt)<0.1 && ((Bpt>5 && Bpt<7 && (BsvpvDistance/BsvpvDisErr)>12 && cos(Bdtheta)>0.95) || (Bpt>7 && Bpt<10 && (BsvpvDistance/BsvpvDisErr)>9.0 && cos(Bdtheta)>0.92) || (Bpt>10 && Bpt<60)) && ((Bpt>5 && Bpt<7 && BDT_5_7>0.02) || (Bpt>7 && Bpt<10 && BDT_7_10>0.03) || (Bpt>10 && Bpt<15 && BDT_10_15>0.09) || (Bpt>15 && Bpt<20 && BDT_15_20>0.07) || (Bpt>20 && Bpt<30 && BDT_20_30>0.10) || (Bpt>30 && Bpt<40 && BDT_30_40>0.16) || (Bpt>40 && Bpt<50 && BDT_40_50>0.20) || (Bpt>50 && Bpt<60 && BDT_50_60>0.27))&&(HLT_HIL3Mu0NHitQ10_L2Mu0_MAXdR3p5_M1to5_v1)&&((Bgenpt>5&&Bgenpt<10&&TMath::Abs(By)>1.5)||(Bgenpt>10))&&hiBin>=0.000000&&hiBin<=60.000000
option=7
ERROR in TPDF::Open: Cannot open file:plotEff/canvasEff_studyPbPb.pdf
ERROR in TPDF::Open: Cannot open file:plotEff/canvasPthat_PbPb.pdf
ERROR in TPDF::Open: Cannot open file:plotEff/canvasSpectra_PbPb.pdf
ERROR in TPDF::Open: Cannot open file:plotEff/canvas1DhEff_PbPb.pdf
ERROR in TPDF::Open: Cannot open file:plotEff/canvas1DhPtMC_PbPb.pdf
ERROR in TPDF::Open: Cannot open file:plotEff/canvas1DhPtMCrecoonly_PbPb.pdf
ERROR in TPDF::Open: Cannot open file:plotEff/canvas1DhPtGen_PbPb.pdf
ERROR in TPDF::Open: Cannot open file:plotEff/canvas1DhPtGenAcc_PbPb.pdf
ERROR in TPDF::Open: Cannot open file:plotEff/canvas1DhEff_PbPb.pdf
ERROR in TPDF::Open: Cannot open file:plotEff/canvas1DhEffReco_PbPb.pdf
ERROR in TPDF::Open: Cannot open file:plotEff/canvas1DhEffAcc_PbPb.pdf
ERROR in TPDF::Open: Cannot open file:plotEff/canvas1DhEffSelection_PbPb.pdf
selmcgen=TMath::Abs(Gy)<2.4 && TMath::Abs(GpdgId)==521 && GisSignal==1 && GcollisionId==0 && ((Gpt>5 && Gpt<10 && TMath::Abs(Gy)>1.5) || (Gpt>10))&&hiBin>=0.000000&&hiBin<=60.000000
selmcgenacceptance=TMath::Abs(Gy)<2.4 && TMath::Abs(GpdgId)==521 && GisSignal==1 && GcollisionId==0 && TMath::Abs(Gtk1eta)<2.4 && ((TMath::Abs(Gmu1eta)<1.2 && Gmu1pt>3.5) || (TMath::Abs(Gmu1eta)>1.2 && TMath::Abs(Gmu1eta)<2.1 && Gmu1pt>5.47-1.89*TMath::Abs(Gmu1eta)) || (TMath::Abs(Gmu1eta)>2.1 && TMath::Abs(Gmu2eta)<2.4 && Gmu1pt>1.5)) && ((TMath::Abs(Gmu2eta)<1.2 && Gmu2pt>3.5) || (TMath::Abs(Gmu2eta)>1.2 && TMath::Abs(Gmu2eta)<2.1 && Gmu2pt>5.47-1.89*TMath::Abs(Gmu2eta)) || (TMath::Abs(Gmu2eta)>2.1 && TMath::Abs(Gmu2eta)<2.4 && Gmu2pt>1.5)) && ((Gpt>5 && Gpt<10 && TMath::Abs(Gy)>1.5) || (Gpt>10))&&hiBin>=0.000000&&hiBin<=60.000000
cut_recoonly=pprimaryVertexFilter && phfCoincFilter2Th4 && pclusterCompatibilityFilter && Btrk1Pt>0.9 && Bpt>3.0 && (BsvpvDistance/BsvpvDisErr)>2.0 && Bchi2cl>0.05 && TMath::Abs(Btrk1Eta)<2.4 && TMath::Abs(By)<2.4 && TMath::Abs(PVz)<15 && Bmass>5 && Bmass<6 && TMath::Abs(Bmumumass-3.096900)<0.15 && Bmu1SoftMuID && Bmu2SoftMuID && Bmu1isAcc && Bmu2isAcc && Bmu1isTriggered && Bmu2isTriggered && (Btrk1PixelHit+Btrk1StripHit)>=11 && (Btrk1Chi2ndf/(Btrk1nStripLayer+Btrk1nPixelLayer))<0.18 && TMath::Abs(Btrk1PtErr/Btrk1Pt)<0.1 && ((Bpt>5 && Bpt<7 && (BsvpvDistance/BsvpvDisErr)>12 && cos(Bdtheta)>0.95) || (Bpt>7 && Bpt<10 && (BsvpvDistance/BsvpvDisErr)>9.0 && cos(Bdtheta)>0.92) || (Bpt>10 && Bpt<60)) && ((Bpt>5 && Bpt<7 && BDT_5_7>0.02) || (Bpt>7 && Bpt<10 && BDT_7_10>0.03) || (Bpt>10 && Bpt<15 && BDT_10_15>0.09) || (Bpt>15 && Bpt<20 && BDT_15_20>0.07) || (Bpt>20 && Bpt<30 && BDT_20_30>0.10) || (Bpt>30 && Bpt<40 && BDT_30_40>0.16) || (Bpt>40 && Bpt<50 && BDT_40_50>0.20) || (Bpt>50 && Bpt<60 && BDT_50_60>0.27))&&((Bgenpt>5&&Bgenpt<10&&TMath::Abs(By)>1.5)||(Bgenpt>10))&&hiBin>=0.000000&&hiBin<=60.000000
cut=pprimaryVertexFilter && phfCoincFilter2Th4 && pclusterCompatibilityFilter && Btrk1Pt>0.9 && Bpt>5.0 && (BsvpvDistance/BsvpvDisErr)>2.0 && Bchi2cl>0.05 && TMath::Abs(Btrk1Eta)<2.4 && TMath::Abs(By)<2.4 && TMath::Abs(PVz)<15 && Bmass>5 && Bmass<6 && TMath::Abs(Bmumumass-3.096900)<0.15 && Bmu1SoftMuID && Bmu2SoftMuID && Bmu1isAcc && Bmu2isAcc && Bmu1isTriggered && Bmu2isTriggered && (Btrk1PixelHit+Btrk1StripHit)>=11 && (Btrk1Chi2ndf/(Btrk1nStripLayer+Btrk1nPixelLayer))<0.18 && TMath::Abs(Btrk1PtErr/Btrk1Pt)<0.1 && ((Bpt>5 && Bpt<7 && (BsvpvDistance/BsvpvDisErr)>12 && cos(Bdtheta)>0.95) || (Bpt>7 && Bpt<10 && (BsvpvDistance/BsvpvDisErr)>9.0 && cos(Bdtheta)>0.92) || (Bpt>10 && Bpt<60)) && ((Bpt>5 && Bpt<7 && BDT_5_7>0.02) || (Bpt>7 && Bpt<10 && BDT_7_10>0.03) || (Bpt>10 && Bpt<15 && BDT_10_15>0.09) || (Bpt>15 && Bpt<20 && BDT_15_20>0.07) || (Bpt>20 && Bpt<30 && BDT_20_30>0.10) || (Bpt>30 && Bpt<40 && BDT_30_40>0.16) || (Bpt>40 && Bpt<50 && BDT_40_50>0.20) || (Bpt>50 && Bpt<60 && BDT_50_60>0.27))&&(HLT_HIL3Mu0NHitQ10_L2Mu0_MAXdR3p5_M1to5_v1)&&((Bgenpt>5&&Bgenpt<10&&TMath::Abs(By)>1.5)||(Bgenpt>10))&&hiBin>=0.000000&&hiBin<=60.000000
option=8
ERROR in TPDF::Open: Cannot open file:plotEff/canvasEff_studyPbPb.pdf
ERROR in TPDF::Open: Cannot open file:plotEff/canvasPthat_PbPb.pdf
ERROR in TPDF::Open: Cannot open file:plotEff/canvasSpectra_PbPb.pdf
ERROR in TPDF::Open: Cannot open file:plotEff/canvas1DhEff_PbPb.pdf
ERROR in TPDF::Open: Cannot open file:plotEff/canvas1DhPtMC_PbPb.pdf
ERROR in TPDF::Open: Cannot open file:plotEff/canvas1DhPtMCrecoonly_PbPb.pdf
ERROR in TPDF::Open: Cannot open file:plotEff/canvas1DhPtGen_PbPb.pdf
ERROR in TPDF::Open: Cannot open file:plotEff/canvas1DhPtGenAcc_PbPb.pdf
ERROR in TPDF::Open: Cannot open file:plotEff/canvas1DhEff_PbPb.pdf
ERROR in TPDF::Open: Cannot open file:plotEff/canvas1DhEffReco_PbPb.pdf
ERROR in TPDF::Open: Cannot open file:plotEff/canvas1DhEffAcc_PbPb.pdf
ERROR in TPDF::Open: Cannot open file:plotEff/canvas1DhEffSelection_PbPb.pdf
selmcgen=TMath::Abs(Gy)<2.4 && TMath::Abs(GpdgId)==521 && GisSignal==1 && GcollisionId==0 && ((Gpt>5 && Gpt<10 && TMath::Abs(Gy)>1.5) || (Gpt>10))&&hiBin>=0.000000&&hiBin<=60.000000
selmcgenacceptance=TMath::Abs(Gy)<2.4 && TMath::Abs(GpdgId)==521 && GisSignal==1 && GcollisionId==0 && TMath::Abs(Gtk1eta)<2.4 && ((TMath::Abs(Gmu1eta)<1.2 && Gmu1pt>3.5) || (TMath::Abs(Gmu1eta)>1.2 && TMath::Abs(Gmu1eta)<2.1 && Gmu1pt>5.47-1.89*TMath::Abs(Gmu1eta)) || (TMath::Abs(Gmu1eta)>2.1 && TMath::Abs(Gmu2eta)<2.4 && Gmu1pt>1.5)) && ((TMath::Abs(Gmu2eta)<1.2 && Gmu2pt>3.5) || (TMath::Abs(Gmu2eta)>1.2 && TMath::Abs(Gmu2eta)<2.1 && Gmu2pt>5.47-1.89*TMath::Abs(Gmu2eta)) || (TMath::Abs(Gmu2eta)>2.1 && TMath::Abs(Gmu2eta)<2.4 && Gmu2pt>1.5)) && ((Gpt>5 && Gpt<10 && TMath::Abs(Gy)>1.5) || (Gpt>10))&&hiBin>=0.000000&&hiBin<=60.000000
cut_recoonly=pprimaryVertexFilter && phfCoincFilter2Th4 && pclusterCompatibilityFilter && Btrk1Pt>0.9 && Bpt>3.0 && (BsvpvDistance/BsvpvDisErr)>2.0 && Bchi2cl>0.05 && TMath::Abs(Btrk1Eta)<2.4 && TMath::Abs(By)<2.4 && TMath::Abs(PVz)<15 && Bmass>5 && Bmass<6 && TMath::Abs(Bmumumass-3.096900)<0.15 && Bmu1SoftMuID && Bmu2SoftMuID && Bmu1isAcc && Bmu2isAcc && Bmu1isTriggered && Bmu2isTriggered && (Btrk1PixelHit+Btrk1StripHit)>=11 && (Btrk1Chi2ndf/(Btrk1nStripLayer+Btrk1nPixelLayer))<0.18 && TMath::Abs(Btrk1PtErr/Btrk1Pt)<0.1 && ((Bpt>5 && Bpt<7 && (BsvpvDistance/BsvpvDisErr)>12 && cos(Bdtheta)>0.95) || (Bpt>7 && Bpt<10 && (BsvpvDistance/BsvpvDisErr)>9.0 && cos(Bdtheta)>0.92) || (Bpt>10 && Bpt<60)) && ((Bpt>5 && Bpt<7 && BDT_5_7>0.02) || (Bpt>7 && Bpt<10 && BDT_7_10>0.03) || (Bpt>10 && Bpt<15 && BDT_10_15>0.09) || (Bpt>15 && Bpt<20 && BDT_15_20>0.07) || (Bpt>20 && Bpt<30 && BDT_20_30>0.10) || (Bpt>30 && Bpt<40 && BDT_30_40>0.16) || (Bpt>40 && Bpt<50 && BDT_40_50>0.20) || (Bpt>50 && Bpt<60 && BDT_50_60>0.27))&&((Bgenpt>5&&Bgenpt<10&&TMath::Abs(By)>1.5)||(Bgenpt>10))&&hiBin>=0.000000&&hiBin<=60.000000
cut=pprimaryVertexFilter && phfCoincFilter2Th4 && pclusterCompatibilityFilter && Btrk1Pt>0.9 && Bpt>5.0 && (BsvpvDistance/BsvpvDisErr)>2.0 && Bchi2cl>0.05 && TMath::Abs(Btrk1Eta)<2.4 && TMath::Abs(By)<2.4 && TMath::Abs(PVz)<15 && Bmass>5 && Bmass<6 && TMath::Abs(Bmumumass-3.096900)<0.15 && Bmu1SoftMuID && Bmu2SoftMuID && Bmu1isAcc && Bmu2isAcc && Bmu1isTriggered && Bmu2isTriggered && (Btrk1PixelHit+Btrk1StripHit)>=11 && (Btrk1Chi2ndf/(Btrk1nStripLayer+Btrk1nPixelLayer))<0.18 && TMath::Abs(Btrk1PtErr/Btrk1Pt)<0.1 && ((Bpt>5 && Bpt<7 && (BsvpvDistance/BsvpvDisErr)>12 && cos(Bdtheta)>0.95) || (Bpt>7 && Bpt<10 && (BsvpvDistance/BsvpvDisErr)>9.0 && cos(Bdtheta)>0.92) || (Bpt>10 && Bpt<60)) && ((Bpt>5 && Bpt<7 && BDT_5_7>0.02) || (Bpt>7 && Bpt<10 && BDT_7_10>0.03) || (Bpt>10 && Bpt<15 && BDT_10_15>0.09) || (Bpt>15 && Bpt<20 && BDT_15_20>0.07) || (Bpt>20 && Bpt<30 && BDT_20_30>0.10) || (Bpt>30 && Bpt<40 && BDT_30_40>0.16) || (Bpt>40 && Bpt<50 && BDT_40_50>0.20) || (Bpt>50 && Bpt<60 && BDT_50_60>0.27))&&(HLT_HIL3Mu0NHitQ10_L2Mu0_MAXdR3p5_M1to5_v1)&&((Bgenpt>5&&Bgenpt<10&&TMath::Abs(By)>1.5)||(Bgenpt>10))&&hiBin>=0.000000&&hiBin<=60.000000
option=9
ERROR in TPDF::Open: Cannot open file:plotEff/canvasEff_studyPbPb.pdf
ERROR in TPDF::Open: Cannot open file:plotEff/canvasPthat_PbPb.pdf
ERROR in TPDF::Open: Cannot open file:plotEff/canvasSpectra_PbPb.pdf
ERROR in TPDF::Open: Cannot open file:plotEff/canvas1DhEff_PbPb.pdf
ERROR in TPDF::Open: Cannot open file:plotEff/canvas1DhPtMC_PbPb.pdf
ERROR in TPDF::Open: Cannot open file:plotEff/canvas1DhPtMCrecoonly_PbPb.pdf
ERROR in TPDF::Open: Cannot open file:plotEff/canvas1DhPtGen_PbPb.pdf
ERROR in TPDF::Open: Cannot open file:plotEff/canvas1DhPtGenAcc_PbPb.pdf
ERROR in TPDF::Open: Cannot open file:plotEff/canvas1DhEff_PbPb.pdf
ERROR in TPDF::Open: Cannot open file:plotEff/canvas1DhEffReco_PbPb.pdf
ERROR in TPDF::Open: Cannot open file:plotEff/canvas1DhEffAcc_PbPb.pdf
ERROR in TPDF::Open: Cannot open file:plotEff/canvas1DhEffSelection_PbPb.pdf
selmcgen=TMath::Abs(Gy)<2.4 && TMath::Abs(GpdgId)==521 && GisSignal==1 && GcollisionId==0 && ((Gpt>5 && Gpt<10 && TMath::Abs(Gy)>1.5) || (Gpt>10))&&hiBin>=0.000000&&hiBin<=60.000000
selmcgenacceptance=TMath::Abs(Gy)<2.4 && TMath::Abs(GpdgId)==521 && GisSignal==1 && GcollisionId==0 && TMath::Abs(Gtk1eta)<2.4 && ((TMath::Abs(Gmu1eta)<1.2 && Gmu1pt>3.5) || (TMath::Abs(Gmu1eta)>1.2 && TMath::Abs(Gmu1eta)<2.1 && Gmu1pt>5.47-1.89*TMath::Abs(Gmu1eta)) || (TMath::Abs(Gmu1eta)>2.1 && TMath::Abs(Gmu2eta)<2.4 && Gmu1pt>1.5)) && ((TMath::Abs(Gmu2eta)<1.2 && Gmu2pt>3.5) || (TMath::Abs(Gmu2eta)>1.2 && TMath::Abs(Gmu2eta)<2.1 && Gmu2pt>5.47-1.89*TMath::Abs(Gmu2eta)) || (TMath::Abs(Gmu2eta)>2.1 && TMath::Abs(Gmu2eta)<2.4 && Gmu2pt>1.5)) && ((Gpt>5 && Gpt<10 && TMath::Abs(Gy)>1.5) || (Gpt>10))&&hiBin>=0.000000&&hiBin<=60.000000
cut_recoonly=pprimaryVertexFilter && phfCoincFilter2Th4 && pclusterCompatibilityFilter && Btrk1Pt>0.9 && Bpt>3.0 && (BsvpvDistance/BsvpvDisErr)>2.0 && Bchi2cl>0.05 && TMath::Abs(Btrk1Eta)<2.4 && TMath::Abs(By)<2.4 && TMath::Abs(PVz)<15 && Bmass>5 && Bmass<6 && TMath::Abs(Bmumumass-3.096900)<0.15 && Bmu1SoftMuID && Bmu2SoftMuID && Bmu1isAcc && Bmu2isAcc && Bmu1isTriggered && Bmu2isTriggered && (Btrk1PixelHit+Btrk1StripHit)>=11 && (Btrk1Chi2ndf/(Btrk1nStripLayer+Btrk1nPixelLayer))<0.18 && TMath::Abs(Btrk1PtErr/Btrk1Pt)<0.1 && ((Bpt>5 && Bpt<7 && (BsvpvDistance/BsvpvDisErr)>12 && cos(Bdtheta)>0.95) || (Bpt>7 && Bpt<10 && (BsvpvDistance/BsvpvDisErr)>9.0 && cos(Bdtheta)>0.92) || (Bpt>10 && Bpt<60)) && ((Bpt>5 && Bpt<7 && BDT_5_7>0.02) || (Bpt>7 && Bpt<10 && BDT_7_10>0.03) || (Bpt>10 && Bpt<15 && BDT_10_15>0.09) || (Bpt>15 && Bpt<20 && BDT_15_20>0.07) || (Bpt>20 && Bpt<30 && BDT_20_30>0.10) || (Bpt>30 && Bpt<40 && BDT_30_40>0.16) || (Bpt>40 && Bpt<50 && BDT_40_50>0.20) || (Bpt>50 && Bpt<60 && BDT_50_60>0.27))&&((Bgenpt>5&&Bgenpt<10&&TMath::Abs(By)>1.5)||(Bgenpt>10))&&hiBin>=0.000000&&hiBin<=60.000000
cut=pprimaryVertexFilter && phfCoincFilter2Th4 && pclusterCompatibilityFilter && Btrk1Pt>0.9 && Bpt>5.0 && (BsvpvDistance/BsvpvDisErr)>2.0 && Bchi2cl>0.05 && TMath::Abs(Btrk1Eta)<2.4 && TMath::Abs(By)<2.4 && TMath::Abs(PVz)<15 && Bmass>5 && Bmass<6 && TMath::Abs(Bmumumass-3.096900)<0.15 && Bmu1SoftMuID && Bmu2SoftMuID && Bmu1isAcc && Bmu2isAcc && Bmu1isTriggered && Bmu2isTriggered && (Btrk1PixelHit+Btrk1StripHit)>=11 && (Btrk1Chi2ndf/(Btrk1nStripLayer+Btrk1nPixelLayer))<0.18 && TMath::Abs(Btrk1PtErr/Btrk1Pt)<0.1 && ((Bpt>5 && Bpt<7 && (BsvpvDistance/BsvpvDisErr)>12 && cos(Bdtheta)>0.95) || (Bpt>7 && Bpt<10 && (BsvpvDistance/BsvpvDisErr)>9.0 && cos(Bdtheta)>0.92) || (Bpt>10 && Bpt<60)) && ((Bpt>5 && Bpt<7 && BDT_5_7>0.02) || (Bpt>7 && Bpt<10 && BDT_7_10>0.03) || (Bpt>10 && Bpt<15 && BDT_10_15>0.09) || (Bpt>15 && Bpt<20 && BDT_15_20>0.07) || (Bpt>20 && Bpt<30 && BDT_20_30>0.10) || (Bpt>30 && Bpt<40 && BDT_30_40>0.16) || (Bpt>40 && Bpt<50 && BDT_40_50>0.20) || (Bpt>50 && Bpt<60 && BDT_50_60>0.27))&&(HLT_HIL3Mu0NHitQ10_L2Mu0_MAXdR3p5_M1to5_v1)&&((Bgenpt>5&&Bgenpt<10&&TMath::Abs(By)>1.5)||(Bgenpt>10))&&hiBin>=0.000000&&hiBin<=60.000000
option=10
ERROR in TPDF::Open: Cannot open file:plotEff/canvasEff_studyPbPb.pdf
ERROR in TPDF::Open: Cannot open file:plotEff/canvasPthat_PbPb.pdf
ERROR in TPDF::Open: Cannot open file:plotEff/canvasSpectra_PbPb.pdf
ERROR in TPDF::Open: Cannot open file:plotEff/canvas1DhEff_PbPb.pdf
ERROR in TPDF::Open: Cannot open file:plotEff/canvas1DhPtMC_PbPb.pdf
ERROR in TPDF::Open: Cannot open file:plotEff/canvas1DhPtMCrecoonly_PbPb.pdf
ERROR in TPDF::Open: Cannot open file:plotEff/canvas1DhPtGen_PbPb.pdf
ERROR in TPDF::Open: Cannot open file:plotEff/canvas1DhPtGenAcc_PbPb.pdf
ERROR in TPDF::Open: Cannot open file:plotEff/canvas1DhEff_PbPb.pdf
ERROR in TPDF::Open: Cannot open file:plotEff/canvas1DhEffReco_PbPb.pdf
ERROR in TPDF::Open: Cannot open file:plotEff/canvas1DhEffAcc_PbPb.pdf
ERROR in TPDF::Open: Cannot open file:plotEff/canvas1DhEffSelection_PbPb.pdf
Now Working on 30 - 90
selmcgen=TMath::Abs(Gy)<2.4 && TMath::Abs(GpdgId)==521 && GisSignal==1 && GcollisionId==0 && ((Gpt>5 && Gpt<10 && TMath::Abs(Gy)>1.5) || (Gpt>10))&&hiBin>=60.000000&&hiBin<=180.000000
selmcgenacceptance=TMath::Abs(Gy)<2.4 && TMath::Abs(GpdgId)==521 && GisSignal==1 && GcollisionId==0 && TMath::Abs(Gtk1eta)<2.4 && ((TMath::Abs(Gmu1eta)<1.2 && Gmu1pt>3.5) || (TMath::Abs(Gmu1eta)>1.2 && TMath::Abs(Gmu1eta)<2.1 && Gmu1pt>5.47-1.89*TMath::Abs(Gmu1eta)) || (TMath::Abs(Gmu1eta)>2.1 && TMath::Abs(Gmu2eta)<2.4 && Gmu1pt>1.5)) && ((TMath::Abs(Gmu2eta)<1.2 && Gmu2pt>3.5) || (TMath::Abs(Gmu2eta)>1.2 && TMath::Abs(Gmu2eta)<2.1 && Gmu2pt>5.47-1.89*TMath::Abs(Gmu2eta)) || (TMath::Abs(Gmu2eta)>2.1 && TMath::Abs(Gmu2eta)<2.4 && Gmu2pt>1.5)) && ((Gpt>5 && Gpt<10 && TMath::Abs(Gy)>1.5) || (Gpt>10))&&hiBin>=60.000000&&hiBin<=180.000000
cut_recoonly=pprimaryVertexFilter && phfCoincFilter2Th4 && pclusterCompatibilityFilter && Btrk1Pt>0.9 && Bpt>3.0 && (BsvpvDistance/BsvpvDisErr)>2.0 && Bchi2cl>0.05 && TMath::Abs(Btrk1Eta)<2.4 && TMath::Abs(By)<2.4 && TMath::Abs(PVz)<15 && Bmass>5 && Bmass<6 && TMath::Abs(Bmumumass-3.096900)<0.15 && Bmu1SoftMuID && Bmu2SoftMuID && Bmu1isAcc && Bmu2isAcc && Bmu1isTriggered && Bmu2isTriggered && (Btrk1PixelHit+Btrk1StripHit)>=11 && (Btrk1Chi2ndf/(Btrk1nStripLayer+Btrk1nPixelLayer))<0.18 && TMath::Abs(Btrk1PtErr/Btrk1Pt)<0.1 && ((Bpt>5 && Bpt<7 && (BsvpvDistance/BsvpvDisErr)>12 && cos(Bdtheta)>0.95) || (Bpt>7 && Bpt<10 && (BsvpvDistance/BsvpvDisErr)>9.0 && cos(Bdtheta)>0.92) || (Bpt>10 && Bpt<60)) && ((Bpt>5 && Bpt<7 && BDT_5_7>0.02) || (Bpt>7 && Bpt<10 && BDT_7_10>0.03) || (Bpt>10 && Bpt<15 && BDT_10_15>0.09) || (Bpt>15 && Bpt<20 && BDT_15_20>0.07) || (Bpt>20 && Bpt<30 && BDT_20_30>0.10) || (Bpt>30 && Bpt<40 && BDT_30_40>0.16) || (Bpt>40 && Bpt<50 && BDT_40_50>0.20) || (Bpt>50 && Bpt<60 && BDT_50_60>0.27))&&((Bgenpt>5&&Bgenpt<10&&TMath::Abs(By)>1.5)||(Bgenpt>10))&&hiBin>=60.000000&&hiBin<=180.000000
cut=pprimaryVertexFilter && phfCoincFilter2Th4 && pclusterCompatibilityFilter && Btrk1Pt>0.9 && Bpt>5.0 && (BsvpvDistance/BsvpvDisErr)>2.0 && Bchi2cl>0.05 && TMath::Abs(Btrk1Eta)<2.4 && TMath::Abs(By)<2.4 && TMath::Abs(PVz)<15 && Bmass>5 && Bmass<6 && TMath::Abs(Bmumumass-3.096900)<0.15 && Bmu1SoftMuID && Bmu2SoftMuID && Bmu1isAcc && Bmu2isAcc && Bmu1isTriggered && Bmu2isTriggered && (Btrk1PixelHit+Btrk1StripHit)>=11 && (Btrk1Chi2ndf/(Btrk1nStripLayer+Btrk1nPixelLayer))<0.18 && TMath::Abs(Btrk1PtErr/Btrk1Pt)<0.1 && ((Bpt>5 && Bpt<7 && (BsvpvDistance/BsvpvDisErr)>12 && cos(Bdtheta)>0.95) || (Bpt>7 && Bpt<10 && (BsvpvDistance/BsvpvDisErr)>9.0 && cos(Bdtheta)>0.92) || (Bpt>10 && Bpt<60)) && ((Bpt>5 && Bpt<7 && BDT_5_7>0.02) || (Bpt>7 && Bpt<10 && BDT_7_10>0.03) || (Bpt>10 && Bpt<15 && BDT_10_15>0.09) || (Bpt>15 && Bpt<20 && BDT_15_20>0.07) || (Bpt>20 && Bpt<30 && BDT_20_30>0.10) || (Bpt>30 && Bpt<40 && BDT_30_40>0.16) || (Bpt>40 && Bpt<50 && BDT_40_50>0.20) || (Bpt>50 && Bpt<60 && BDT_50_60>0.27))&&(HLT_HIL3Mu0NHitQ10_L2Mu0_MAXdR3p5_M1to5_v1)&&((Bgenpt>5&&Bgenpt<10&&TMath::Abs(By)>1.5)||(Bgenpt>10))&&hiBin>=60.000000&&hiBin<=180.000000
option=4
ERROR in TPDF::Open: Cannot open file:plotEff/canvasEff_studyPbPb.pdf
ERROR in TPDF::Open: Cannot open file:plotEff/canvasPthat_PbPb.pdf
ERROR in TPDF::Open: Cannot open file:plotEff/canvasSpectra_PbPb.pdf
ERROR in TPDF::Open: Cannot open file:plotEff/canvas1DhEff_PbPb.pdf
ERROR in TPDF::Open: Cannot open file:plotEff/canvas1DhPtMC_PbPb.pdf
ERROR in TPDF::Open: Cannot open file:plotEff/canvas1DhPtMCrecoonly_PbPb.pdf
ERROR in TPDF::Open: Cannot open file:plotEff/canvas1DhPtGen_PbPb.pdf
ERROR in TPDF::Open: Cannot open file:plotEff/canvas1DhPtGenAcc_PbPb.pdf
ERROR in TPDF::Open: Cannot open file:plotEff/canvas1DhEff_PbPb.pdf
ERROR in TPDF::Open: Cannot open file:plotEff/canvas1DhEffReco_PbPb.pdf
ERROR in TPDF::Open: Cannot open file:plotEff/canvas1DhEffAcc_PbPb.pdf
ERROR in TPDF::Open: Cannot open file:plotEff/canvas1DhEffSelection_PbPb.pdf
selmcgen=TMath::Abs(Gy)<2.4 && TMath::Abs(GpdgId)==521 && GisSignal==1 && GcollisionId==0 && ((Gpt>5 && Gpt<10 && TMath::Abs(Gy)>1.5) || (Gpt>10))&&hiBin>=60.000000&&hiBin<=180.000000
selmcgenacceptance=TMath::Abs(Gy)<2.4 && TMath::Abs(GpdgId)==521 && GisSignal==1 && GcollisionId==0 && TMath::Abs(Gtk1eta)<2.4 && ((TMath::Abs(Gmu1eta)<1.2 && Gmu1pt>3.5) || (TMath::Abs(Gmu1eta)>1.2 && TMath::Abs(Gmu1eta)<2.1 && Gmu1pt>5.47-1.89*TMath::Abs(Gmu1eta)) || (TMath::Abs(Gmu1eta)>2.1 && TMath::Abs(Gmu2eta)<2.4 && Gmu1pt>1.5)) && ((TMath::Abs(Gmu2eta)<1.2 && Gmu2pt>3.5) || (TMath::Abs(Gmu2eta)>1.2 && TMath::Abs(Gmu2eta)<2.1 && Gmu2pt>5.47-1.89*TMath::Abs(Gmu2eta)) || (TMath::Abs(Gmu2eta)>2.1 && TMath::Abs(Gmu2eta)<2.4 && Gmu2pt>1.5)) && ((Gpt>5 && Gpt<10 && TMath::Abs(Gy)>1.5) || (Gpt>10))&&hiBin>=60.000000&&hiBin<=180.000000
cut_recoonly=pprimaryVertexFilter && phfCoincFilter2Th4 && pclusterCompatibilityFilter && Btrk1Pt>0.9 && Bpt>3.0 && (BsvpvDistance/BsvpvDisErr)>2.0 && Bchi2cl>0.05 && TMath::Abs(Btrk1Eta)<2.4 && TMath::Abs(By)<2.4 && TMath::Abs(PVz)<15 && Bmass>5 && Bmass<6 && TMath::Abs(Bmumumass-3.096900)<0.15 && Bmu1SoftMuID && Bmu2SoftMuID && Bmu1isAcc && Bmu2isAcc && Bmu1isTriggered && Bmu2isTriggered && (Btrk1PixelHit+Btrk1StripHit)>=11 && (Btrk1Chi2ndf/(Btrk1nStripLayer+Btrk1nPixelLayer))<0.18 && TMath::Abs(Btrk1PtErr/Btrk1Pt)<0.1 && ((Bpt>5 && Bpt<7 && (BsvpvDistance/BsvpvDisErr)>12 && cos(Bdtheta)>0.95) || (Bpt>7 && Bpt<10 && (BsvpvDistance/BsvpvDisErr)>9.0 && cos(Bdtheta)>0.92) || (Bpt>10 && Bpt<60)) && ((Bpt>5 && Bpt<7 && BDT_5_7>0.02) || (Bpt>7 && Bpt<10 && BDT_7_10>0.03) || (Bpt>10 && Bpt<15 && BDT_10_15>0.09) || (Bpt>15 && Bpt<20 && BDT_15_20>0.07) || (Bpt>20 && Bpt<30 && BDT_20_30>0.10) || (Bpt>30 && Bpt<40 && BDT_30_40>0.16) || (Bpt>40 && Bpt<50 && BDT_40_50>0.20) || (Bpt>50 && Bpt<60 && BDT_50_60>0.27))&&((Bgenpt>5&&Bgenpt<10&&TMath::Abs(By)>1.5)||(Bgenpt>10))&&hiBin>=60.000000&&hiBin<=180.000000
cut=pprimaryVertexFilter && phfCoincFilter2Th4 && pclusterCompatibilityFilter && Btrk1Pt>0.9 && Bpt>5.0 && (BsvpvDistance/BsvpvDisErr)>2.0 && Bchi2cl>0.05 && TMath::Abs(Btrk1Eta)<2.4 && TMath::Abs(By)<2.4 && TMath::Abs(PVz)<15 && Bmass>5 && Bmass<6 && TMath::Abs(Bmumumass-3.096900)<0.15 && Bmu1SoftMuID && Bmu2SoftMuID && Bmu1isAcc && Bmu2isAcc && Bmu1isTriggered && Bmu2isTriggered && (Btrk1PixelHit+Btrk1StripHit)>=11 && (Btrk1Chi2ndf/(Btrk1nStripLayer+Btrk1nPixelLayer))<0.18 && TMath::Abs(Btrk1PtErr/Btrk1Pt)<0.1 && ((Bpt>5 && Bpt<7 && (BsvpvDistance/BsvpvDisErr)>12 && cos(Bdtheta)>0.95) || (Bpt>7 && Bpt<10 && (BsvpvDistance/BsvpvDisErr)>9.0 && cos(Bdtheta)>0.92) || (Bpt>10 && Bpt<60)) && ((Bpt>5 && Bpt<7 && BDT_5_7>0.02) || (Bpt>7 && Bpt<10 && BDT_7_10>0.03) || (Bpt>10 && Bpt<15 && BDT_10_15>0.09) || (Bpt>15 && Bpt<20 && BDT_15_20>0.07) || (Bpt>20 && Bpt<30 && BDT_20_30>0.10) || (Bpt>30 && Bpt<40 && BDT_30_40>0.16) || (Bpt>40 && Bpt<50 && BDT_40_50>0.20) || (Bpt>50 && Bpt<60 && BDT_50_60>0.27))&&(HLT_HIL3Mu0NHitQ10_L2Mu0_MAXdR3p5_M1to5_v1)&&((Bgenpt>5&&Bgenpt<10&&TMath::Abs(By)>1.5)||(Bgenpt>10))&&hiBin>=60.000000&&hiBin<=180.000000
option=5
ERROR in TPDF::Open: Cannot open file:plotEff/canvasEff_studyPbPb.pdf
ERROR in TPDF::Open: Cannot open file:plotEff/canvasPthat_PbPb.pdf
ERROR in TPDF::Open: Cannot open file:plotEff/canvasSpectra_PbPb.pdf
ERROR in TPDF::Open: Cannot open file:plotEff/canvas1DhEff_PbPb.pdf
ERROR in TPDF::Open: Cannot open file:plotEff/canvas1DhPtMC_PbPb.pdf
ERROR in TPDF::Open: Cannot open file:plotEff/canvas1DhPtMCrecoonly_PbPb.pdf
ERROR in TPDF::Open: Cannot open file:plotEff/canvas1DhPtGen_PbPb.pdf
ERROR in TPDF::Open: Cannot open file:plotEff/canvas1DhPtGenAcc_PbPb.pdf
ERROR in TPDF::Open: Cannot open file:plotEff/canvas1DhEff_PbPb.pdf
ERROR in TPDF::Open: Cannot open file:plotEff/canvas1DhEffReco_PbPb.pdf
ERROR in TPDF::Open: Cannot open file:plotEff/canvas1DhEffAcc_PbPb.pdf
ERROR in TPDF::Open: Cannot open file:plotEff/canvas1DhEffSelection_PbPb.pdf
selmcgen=TMath::Abs(Gy)<2.4 && TMath::Abs(GpdgId)==521 && GisSignal==1 && GcollisionId==0 && ((Gpt>5 && Gpt<10 && TMath::Abs(Gy)>1.5) || (Gpt>10))&&hiBin>=60.000000&&hiBin<=180.000000
selmcgenacceptance=TMath::Abs(Gy)<2.4 && TMath::Abs(GpdgId)==521 && GisSignal==1 && GcollisionId==0 && TMath::Abs(Gtk1eta)<2.4 && ((TMath::Abs(Gmu1eta)<1.2 && Gmu1pt>3.5) || (TMath::Abs(Gmu1eta)>1.2 && TMath::Abs(Gmu1eta)<2.1 && Gmu1pt>5.47-1.89*TMath::Abs(Gmu1eta)) || (TMath::Abs(Gmu1eta)>2.1 && TMath::Abs(Gmu2eta)<2.4 && Gmu1pt>1.5)) && ((TMath::Abs(Gmu2eta)<1.2 && Gmu2pt>3.5) || (TMath::Abs(Gmu2eta)>1.2 && TMath::Abs(Gmu2eta)<2.1 && Gmu2pt>5.47-1.89*TMath::Abs(Gmu2eta)) || (TMath::Abs(Gmu2eta)>2.1 && TMath::Abs(Gmu2eta)<2.4 && Gmu2pt>1.5)) && ((Gpt>5 && Gpt<10 && TMath::Abs(Gy)>1.5) || (Gpt>10))&&hiBin>=60.000000&&hiBin<=180.000000
cut_recoonly=pprimaryVertexFilter && phfCoincFilter2Th4 && pclusterCompatibilityFilter && Btrk1Pt>0.9 && Bpt>3.0 && (BsvpvDistance/BsvpvDisErr)>2.0 && Bchi2cl>0.05 && TMath::Abs(Btrk1Eta)<2.4 && TMath::Abs(By)<2.4 && TMath::Abs(PVz)<15 && Bmass>5 && Bmass<6 && TMath::Abs(Bmumumass-3.096900)<0.15 && Bmu1SoftMuID && Bmu2SoftMuID && Bmu1isAcc && Bmu2isAcc && Bmu1isTriggered && Bmu2isTriggered && (Btrk1PixelHit+Btrk1StripHit)>=11 && (Btrk1Chi2ndf/(Btrk1nStripLayer+Btrk1nPixelLayer))<0.18 && TMath::Abs(Btrk1PtErr/Btrk1Pt)<0.1 && ((Bpt>5 && Bpt<7 && (BsvpvDistance/BsvpvDisErr)>12 && cos(Bdtheta)>0.95) || (Bpt>7 && Bpt<10 && (BsvpvDistance/BsvpvDisErr)>9.0 && cos(Bdtheta)>0.92) || (Bpt>10 && Bpt<60)) && ((Bpt>5 && Bpt<7 && BDT_5_7>0.02) || (Bpt>7 && Bpt<10 && BDT_7_10>0.03) || (Bpt>10 && Bpt<15 && BDT_10_15>0.09) || (Bpt>15 && Bpt<20 && BDT_15_20>0.07) || (Bpt>20 && Bpt<30 && BDT_20_30>0.10) || (Bpt>30 && Bpt<40 && BDT_30_40>0.16) || (Bpt>40 && Bpt<50 && BDT_40_50>0.20) || (Bpt>50 && Bpt<60 && BDT_50_60>0.27))&&((Bgenpt>5&&Bgenpt<10&&TMath::Abs(By)>1.5)||(Bgenpt>10))&&hiBin>=60.000000&&hiBin<=180.000000
cut=pprimaryVertexFilter && phfCoincFilter2Th4 && pclusterCompatibilityFilter && Btrk1Pt>0.9 && Bpt>5.0 && (BsvpvDistance/BsvpvDisErr)>2.0 && Bchi2cl>0.05 && TMath::Abs(Btrk1Eta)<2.4 && TMath::Abs(By)<2.4 && TMath::Abs(PVz)<15 && Bmass>5 && Bmass<6 && TMath::Abs(Bmumumass-3.096900)<0.15 && Bmu1SoftMuID && Bmu2SoftMuID && Bmu1isAcc && Bmu2isAcc && Bmu1isTriggered && Bmu2isTriggered && (Btrk1PixelHit+Btrk1StripHit)>=11 && (Btrk1Chi2ndf/(Btrk1nStripLayer+Btrk1nPixelLayer))<0.18 && TMath::Abs(Btrk1PtErr/Btrk1Pt)<0.1 && ((Bpt>5 && Bpt<7 && (BsvpvDistance/BsvpvDisErr)>12 && cos(Bdtheta)>0.95) || (Bpt>7 && Bpt<10 && (BsvpvDistance/BsvpvDisErr)>9.0 && cos(Bdtheta)>0.92) || (Bpt>10 && Bpt<60)) && ((Bpt>5 && Bpt<7 && BDT_5_7>0.02) || (Bpt>7 && Bpt<10 && BDT_7_10>0.03) || (Bpt>10 && Bpt<15 && BDT_10_15>0.09) || (Bpt>15 && Bpt<20 && BDT_15_20>0.07) || (Bpt>20 && Bpt<30 && BDT_20_30>0.10) || (Bpt>30 && Bpt<40 && BDT_30_40>0.16) || (Bpt>40 && Bpt<50 && BDT_40_50>0.20) || (Bpt>50 && Bpt<60 && BDT_50_60>0.27))&&(HLT_HIL3Mu0NHitQ10_L2Mu0_MAXdR3p5_M1to5_v1)&&((Bgenpt>5&&Bgenpt<10&&TMath::Abs(By)>1.5)||(Bgenpt>10))&&hiBin>=60.000000&&hiBin<=180.000000
option=6
ERROR in TPDF::Open: Cannot open file:plotEff/canvasEff_studyPbPb.pdf
ERROR in TPDF::Open: Cannot open file:plotEff/canvasPthat_PbPb.pdf
ERROR in TPDF::Open: Cannot open file:plotEff/canvasSpectra_PbPb.pdf
ERROR in TPDF::Open: Cannot open file:plotEff/canvas1DhEff_PbPb.pdf
ERROR in TPDF::Open: Cannot open file:plotEff/canvas1DhPtMC_PbPb.pdf
ERROR in TPDF::Open: Cannot open file:plotEff/canvas1DhPtMCrecoonly_PbPb.pdf
ERROR in TPDF::Open: Cannot open file:plotEff/canvas1DhPtGen_PbPb.pdf
ERROR in TPDF::Open: Cannot open file:plotEff/canvas1DhPtGenAcc_PbPb.pdf
ERROR in TPDF::Open: Cannot open file:plotEff/canvas1DhEff_PbPb.pdf
ERROR in TPDF::Open: Cannot open file:plotEff/canvas1DhEffReco_PbPb.pdf
ERROR in TPDF::Open: Cannot open file:plotEff/canvas1DhEffAcc_PbPb.pdf
ERROR in TPDF::Open: Cannot open file:plotEff/canvas1DhEffSelection_PbPb.pdf
selmcgen=TMath::Abs(Gy)<2.4 && TMath::Abs(GpdgId)==521 && GisSignal==1 && GcollisionId==0 && ((Gpt>5 && Gpt<10 && TMath::Abs(Gy)>1.5) || (Gpt>10))&&hiBin>=60.000000&&hiBin<=180.000000
selmcgenacceptance=TMath::Abs(Gy)<2.4 && TMath::Abs(GpdgId)==521 && GisSignal==1 && GcollisionId==0 && TMath::Abs(Gtk1eta)<2.4 && ((TMath::Abs(Gmu1eta)<1.2 && Gmu1pt>3.5) || (TMath::Abs(Gmu1eta)>1.2 && TMath::Abs(Gmu1eta)<2.1 && Gmu1pt>5.47-1.89*TMath::Abs(Gmu1eta)) || (TMath::Abs(Gmu1eta)>2.1 && TMath::Abs(Gmu2eta)<2.4 && Gmu1pt>1.5)) && ((TMath::Abs(Gmu2eta)<1.2 && Gmu2pt>3.5) || (TMath::Abs(Gmu2eta)>1.2 && TMath::Abs(Gmu2eta)<2.1 && Gmu2pt>5.47-1.89*TMath::Abs(Gmu2eta)) || (TMath::Abs(Gmu2eta)>2.1 && TMath::Abs(Gmu2eta)<2.4 && Gmu2pt>1.5)) && ((Gpt>5 && Gpt<10 && TMath::Abs(Gy)>1.5) || (Gpt>10))&&hiBin>=60.000000&&hiBin<=180.000000
cut_recoonly=pprimaryVertexFilter && phfCoincFilter2Th4 && pclusterCompatibilityFilter && Btrk1Pt>0.9 && Bpt>3.0 && (BsvpvDistance/BsvpvDisErr)>2.0 && Bchi2cl>0.05 && TMath::Abs(Btrk1Eta)<2.4 && TMath::Abs(By)<2.4 && TMath::Abs(PVz)<15 && Bmass>5 && Bmass<6 && TMath::Abs(Bmumumass-3.096900)<0.15 && Bmu1SoftMuID && Bmu2SoftMuID && Bmu1isAcc && Bmu2isAcc && Bmu1isTriggered && Bmu2isTriggered && (Btrk1PixelHit+Btrk1StripHit)>=11 && (Btrk1Chi2ndf/(Btrk1nStripLayer+Btrk1nPixelLayer))<0.18 && TMath::Abs(Btrk1PtErr/Btrk1Pt)<0.1 && ((Bpt>5 && Bpt<7 && (BsvpvDistance/BsvpvDisErr)>12 && cos(Bdtheta)>0.95) || (Bpt>7 && Bpt<10 && (BsvpvDistance/BsvpvDisErr)>9.0 && cos(Bdtheta)>0.92) || (Bpt>10 && Bpt<60)) && ((Bpt>5 && Bpt<7 && BDT_5_7>0.02) || (Bpt>7 && Bpt<10 && BDT_7_10>0.03) || (Bpt>10 && Bpt<15 && BDT_10_15>0.09) || (Bpt>15 && Bpt<20 && BDT_15_20>0.07) || (Bpt>20 && Bpt<30 && BDT_20_30>0.10) || (Bpt>30 && Bpt<40 && BDT_30_40>0.16) || (Bpt>40 && Bpt<50 && BDT_40_50>0.20) || (Bpt>50 && Bpt<60 && BDT_50_60>0.27))&&((Bgenpt>5&&Bgenpt<10&&TMath::Abs(By)>1.5)||(Bgenpt>10))&&hiBin>=60.000000&&hiBin<=180.000000
cut=pprimaryVertexFilter && phfCoincFilter2Th4 && pclusterCompatibilityFilter && Btrk1Pt>0.9 && Bpt>5.0 && (BsvpvDistance/BsvpvDisErr)>2.0 && Bchi2cl>0.05 && TMath::Abs(Btrk1Eta)<2.4 && TMath::Abs(By)<2.4 && TMath::Abs(PVz)<15 && Bmass>5 && Bmass<6 && TMath::Abs(Bmumumass-3.096900)<0.15 && Bmu1SoftMuID && Bmu2SoftMuID && Bmu1isAcc && Bmu2isAcc && Bmu1isTriggered && Bmu2isTriggered && (Btrk1PixelHit+Btrk1StripHit)>=11 && (Btrk1Chi2ndf/(Btrk1nStripLayer+Btrk1nPixelLayer))<0.18 && TMath::Abs(Btrk1PtErr/Btrk1Pt)<0.1 && ((Bpt>5 && Bpt<7 && (BsvpvDistance/BsvpvDisErr)>12 && cos(Bdtheta)>0.95) || (Bpt>7 && Bpt<10 && (BsvpvDistance/BsvpvDisErr)>9.0 && cos(Bdtheta)>0.92) || (Bpt>10 && Bpt<60)) && ((Bpt>5 && Bpt<7 && BDT_5_7>0.02) || (Bpt>7 && Bpt<10 && BDT_7_10>0.03) || (Bpt>10 && Bpt<15 && BDT_10_15>0.09) || (Bpt>15 && Bpt<20 && BDT_15_20>0.07) || (Bpt>20 && Bpt<30 && BDT_20_30>0.10) || (Bpt>30 && Bpt<40 && BDT_30_40>0.16) || (Bpt>40 && Bpt<50 && BDT_40_50>0.20) || (Bpt>50 && Bpt<60 && BDT_50_60>0.27))&&(HLT_HIL3Mu0NHitQ10_L2Mu0_MAXdR3p5_M1to5_v1)&&((Bgenpt>5&&Bgenpt<10&&TMath::Abs(By)>1.5)||(Bgenpt>10))&&hiBin>=60.000000&&hiBin<=180.000000
option=7
ERROR in TPDF::Open: Cannot open file:plotEff/canvasEff_studyPbPb.pdf
ERROR in TPDF::Open: Cannot open file:plotEff/canvasPthat_PbPb.pdf
ERROR in TPDF::Open: Cannot open file:plotEff/canvasSpectra_PbPb.pdf
ERROR in TPDF::Open: Cannot open file:plotEff/canvas1DhEff_PbPb.pdf
ERROR in TPDF::Open: Cannot open file:plotEff/canvas1DhPtMC_PbPb.pdf
ERROR in TPDF::Open: Cannot open file:plotEff/canvas1DhPtMCrecoonly_PbPb.pdf
ERROR in TPDF::Open: Cannot open file:plotEff/canvas1DhPtGen_PbPb.pdf
ERROR in TPDF::Open: Cannot open file:plotEff/canvas1DhPtGenAcc_PbPb.pdf
ERROR in TPDF::Open: Cannot open file:plotEff/canvas1DhEff_PbPb.pdf
ERROR in TPDF::Open: Cannot open file:plotEff/canvas1DhEffReco_PbPb.pdf
ERROR in TPDF::Open: Cannot open file:plotEff/canvas1DhEffAcc_PbPb.pdf
ERROR in TPDF::Open: Cannot open file:plotEff/canvas1DhEffSelection_PbPb.pdf
selmcgen=TMath::Abs(Gy)<2.4 && TMath::Abs(GpdgId)==521 && GisSignal==1 && GcollisionId==0 && ((Gpt>5 && Gpt<10 && TMath::Abs(Gy)>1.5) || (Gpt>10))&&hiBin>=60.000000&&hiBin<=180.000000
selmcgenacceptance=TMath::Abs(Gy)<2.4 && TMath::Abs(GpdgId)==521 && GisSignal==1 && GcollisionId==0 && TMath::Abs(Gtk1eta)<2.4 && ((TMath::Abs(Gmu1eta)<1.2 && Gmu1pt>3.5) || (TMath::Abs(Gmu1eta)>1.2 && TMath::Abs(Gmu1eta)<2.1 && Gmu1pt>5.47-1.89*TMath::Abs(Gmu1eta)) || (TMath::Abs(Gmu1eta)>2.1 && TMath::Abs(Gmu2eta)<2.4 && Gmu1pt>1.5)) && ((TMath::Abs(Gmu2eta)<1.2 && Gmu2pt>3.5) || (TMath::Abs(Gmu2eta)>1.2 && TMath::Abs(Gmu2eta)<2.1 && Gmu2pt>5.47-1.89*TMath::Abs(Gmu2eta)) || (TMath::Abs(Gmu2eta)>2.1 && TMath::Abs(Gmu2eta)<2.4 && Gmu2pt>1.5)) && ((Gpt>5 && Gpt<10 && TMath::Abs(Gy)>1.5) || (Gpt>10))&&hiBin>=60.000000&&hiBin<=180.000000
cut_recoonly=pprimaryVertexFilter && phfCoincFilter2Th4 && pclusterCompatibilityFilter && Btrk1Pt>0.9 && Bpt>3.0 && (BsvpvDistance/BsvpvDisErr)>2.0 && Bchi2cl>0.05 && TMath::Abs(Btrk1Eta)<2.4 && TMath::Abs(By)<2.4 && TMath::Abs(PVz)<15 && Bmass>5 && Bmass<6 && TMath::Abs(Bmumumass-3.096900)<0.15 && Bmu1SoftMuID && Bmu2SoftMuID && Bmu1isAcc && Bmu2isAcc && Bmu1isTriggered && Bmu2isTriggered && (Btrk1PixelHit+Btrk1StripHit)>=11 && (Btrk1Chi2ndf/(Btrk1nStripLayer+Btrk1nPixelLayer))<0.18 && TMath::Abs(Btrk1PtErr/Btrk1Pt)<0.1 && ((Bpt>5 && Bpt<7 && (BsvpvDistance/BsvpvDisErr)>12 && cos(Bdtheta)>0.95) || (Bpt>7 && Bpt<10 && (BsvpvDistance/BsvpvDisErr)>9.0 && cos(Bdtheta)>0.92) || (Bpt>10 && Bpt<60)) && ((Bpt>5 && Bpt<7 && BDT_5_7>0.02) || (Bpt>7 && Bpt<10 && BDT_7_10>0.03) || (Bpt>10 && Bpt<15 && BDT_10_15>0.09) || (Bpt>15 && Bpt<20 && BDT_15_20>0.07) || (Bpt>20 && Bpt<30 && BDT_20_30>0.10) || (Bpt>30 && Bpt<40 && BDT_30_40>0.16) || (Bpt>40 && Bpt<50 && BDT_40_50>0.20) || (Bpt>50 && Bpt<60 && BDT_50_60>0.27))&&((Bgenpt>5&&Bgenpt<10&&TMath::Abs(By)>1.5)||(Bgenpt>10))&&hiBin>=60.000000&&hiBin<=180.000000
cut=pprimaryVertexFilter && phfCoincFilter2Th4 && pclusterCompatibilityFilter && Btrk1Pt>0.9 && Bpt>5.0 && (BsvpvDistance/BsvpvDisErr)>2.0 && Bchi2cl>0.05 && TMath::Abs(Btrk1Eta)<2.4 && TMath::Abs(By)<2.4 && TMath::Abs(PVz)<15 && Bmass>5 && Bmass<6 && TMath::Abs(Bmumumass-3.096900)<0.15 && Bmu1SoftMuID && Bmu2SoftMuID && Bmu1isAcc && Bmu2isAcc && Bmu1isTriggered && Bmu2isTriggered && (Btrk1PixelHit+Btrk1StripHit)>=11 && (Btrk1Chi2ndf/(Btrk1nStripLayer+Btrk1nPixelLayer))<0.18 && TMath::Abs(Btrk1PtErr/Btrk1Pt)<0.1 && ((Bpt>5 && Bpt<7 && (BsvpvDistance/BsvpvDisErr)>12 && cos(Bdtheta)>0.95) || (Bpt>7 && Bpt<10 && (BsvpvDistance/BsvpvDisErr)>9.0 && cos(Bdtheta)>0.92) || (Bpt>10 && Bpt<60)) && ((Bpt>5 && Bpt<7 && BDT_5_7>0.02) || (Bpt>7 && Bpt<10 && BDT_7_10>0.03) || (Bpt>10 && Bpt<15 && BDT_10_15>0.09) || (Bpt>15 && Bpt<20 && BDT_15_20>0.07) || (Bpt>20 && Bpt<30 && BDT_20_30>0.10) || (Bpt>30 && Bpt<40 && BDT_30_40>0.16) || (Bpt>40 && Bpt<50 && BDT_40_50>0.20) || (Bpt>50 && Bpt<60 && BDT_50_60>0.27))&&(HLT_HIL3Mu0NHitQ10_L2Mu0_MAXdR3p5_M1to5_v1)&&((Bgenpt>5&&Bgenpt<10&&TMath::Abs(By)>1.5)||(Bgenpt>10))&&hiBin>=60.000000&&hiBin<=180.000000
option=8
ERROR in TPDF::Open: Cannot open file:plotEff/canvasEff_studyPbPb.pdf
ERROR in TPDF::Open: Cannot open file:plotEff/canvasPthat_PbPb.pdf
ERROR in TPDF::Open: Cannot open file:plotEff/canvasSpectra_PbPb.pdf
ERROR in TPDF::Open: Cannot open file:plotEff/canvas1DhEff_PbPb.pdf
ERROR in TPDF::Open: Cannot open file:plotEff/canvas1DhPtMC_PbPb.pdf
ERROR in TPDF::Open: Cannot open file:plotEff/canvas1DhPtMCrecoonly_PbPb.pdf
ERROR in TPDF::Open: Cannot open file:plotEff/canvas1DhPtGen_PbPb.pdf
ERROR in TPDF::Open: Cannot open file:plotEff/canvas1DhPtGenAcc_PbPb.pdf
ERROR in TPDF::Open: Cannot open file:plotEff/canvas1DhEff_PbPb.pdf
ERROR in TPDF::Open: Cannot open file:plotEff/canvas1DhEffReco_PbPb.pdf
ERROR in TPDF::Open: Cannot open file:plotEff/canvas1DhEffAcc_PbPb.pdf
ERROR in TPDF::Open: Cannot open file:plotEff/canvas1DhEffSelection_PbPb.pdf
selmcgen=TMath::Abs(Gy)<2.4 && TMath::Abs(GpdgId)==521 && GisSignal==1 && GcollisionId==0 && ((Gpt>5 && Gpt<10 && TMath::Abs(Gy)>1.5) || (Gpt>10))&&hiBin>=60.000000&&hiBin<=180.000000
selmcgenacceptance=TMath::Abs(Gy)<2.4 && TMath::Abs(GpdgId)==521 && GisSignal==1 && GcollisionId==0 && TMath::Abs(Gtk1eta)<2.4 && ((TMath::Abs(Gmu1eta)<1.2 && Gmu1pt>3.5) || (TMath::Abs(Gmu1eta)>1.2 && TMath::Abs(Gmu1eta)<2.1 && Gmu1pt>5.47-1.89*TMath::Abs(Gmu1eta)) || (TMath::Abs(Gmu1eta)>2.1 && TMath::Abs(Gmu2eta)<2.4 && Gmu1pt>1.5)) && ((TMath::Abs(Gmu2eta)<1.2 && Gmu2pt>3.5) || (TMath::Abs(Gmu2eta)>1.2 && TMath::Abs(Gmu2eta)<2.1 && Gmu2pt>5.47-1.89*TMath::Abs(Gmu2eta)) || (TMath::Abs(Gmu2eta)>2.1 && TMath::Abs(Gmu2eta)<2.4 && Gmu2pt>1.5)) && ((Gpt>5 && Gpt<10 && TMath::Abs(Gy)>1.5) || (Gpt>10))&&hiBin>=60.000000&&hiBin<=180.000000
cut_recoonly=pprimaryVertexFilter && phfCoincFilter2Th4 && pclusterCompatibilityFilter && Btrk1Pt>0.9 && Bpt>3.0 && (BsvpvDistance/BsvpvDisErr)>2.0 && Bchi2cl>0.05 && TMath::Abs(Btrk1Eta)<2.4 && TMath::Abs(By)<2.4 && TMath::Abs(PVz)<15 && Bmass>5 && Bmass<6 && TMath::Abs(Bmumumass-3.096900)<0.15 && Bmu1SoftMuID && Bmu2SoftMuID && Bmu1isAcc && Bmu2isAcc && Bmu1isTriggered && Bmu2isTriggered && (Btrk1PixelHit+Btrk1StripHit)>=11 && (Btrk1Chi2ndf/(Btrk1nStripLayer+Btrk1nPixelLayer))<0.18 && TMath::Abs(Btrk1PtErr/Btrk1Pt)<0.1 && ((Bpt>5 && Bpt<7 && (BsvpvDistance/BsvpvDisErr)>12 && cos(Bdtheta)>0.95) || (Bpt>7 && Bpt<10 && (BsvpvDistance/BsvpvDisErr)>9.0 && cos(Bdtheta)>0.92) || (Bpt>10 && Bpt<60)) && ((Bpt>5 && Bpt<7 && BDT_5_7>0.02) || (Bpt>7 && Bpt<10 && BDT_7_10>0.03) || (Bpt>10 && Bpt<15 && BDT_10_15>0.09) || (Bpt>15 && Bpt<20 && BDT_15_20>0.07) || (Bpt>20 && Bpt<30 && BDT_20_30>0.10) || (Bpt>30 && Bpt<40 && BDT_30_40>0.16) || (Bpt>40 && Bpt<50 && BDT_40_50>0.20) || (Bpt>50 && Bpt<60 && BDT_50_60>0.27))&&((Bgenpt>5&&Bgenpt<10&&TMath::Abs(By)>1.5)||(Bgenpt>10))&&hiBin>=60.000000&&hiBin<=180.000000
cut=pprimaryVertexFilter && phfCoincFilter2Th4 && pclusterCompatibilityFilter && Btrk1Pt>0.9 && Bpt>5.0 && (BsvpvDistance/BsvpvDisErr)>2.0 && Bchi2cl>0.05 && TMath::Abs(Btrk1Eta)<2.4 && TMath::Abs(By)<2.4 && TMath::Abs(PVz)<15 && Bmass>5 && Bmass<6 && TMath::Abs(Bmumumass-3.096900)<0.15 && Bmu1SoftMuID && Bmu2SoftMuID && Bmu1isAcc && Bmu2isAcc && Bmu1isTriggered && Bmu2isTriggered && (Btrk1PixelHit+Btrk1StripHit)>=11 && (Btrk1Chi2ndf/(Btrk1nStripLayer+Btrk1nPixelLayer))<0.18 && TMath::Abs(Btrk1PtErr/Btrk1Pt)<0.1 && ((Bpt>5 && Bpt<7 && (BsvpvDistance/BsvpvDisErr)>12 && cos(Bdtheta)>0.95) || (Bpt>7 && Bpt<10 && (BsvpvDistance/BsvpvDisErr)>9.0 && cos(Bdtheta)>0.92) || (Bpt>10 && Bpt<60)) && ((Bpt>5 && Bpt<7 && BDT_5_7>0.02) || (Bpt>7 && Bpt<10 && BDT_7_10>0.03) || (Bpt>10 && Bpt<15 && BDT_10_15>0.09) || (Bpt>15 && Bpt<20 && BDT_15_20>0.07) || (Bpt>20 && Bpt<30 && BDT_20_30>0.10) || (Bpt>30 && Bpt<40 && BDT_30_40>0.16) || (Bpt>40 && Bpt<50 && BDT_40_50>0.20) || (Bpt>50 && Bpt<60 && BDT_50_60>0.27))&&(HLT_HIL3Mu0NHitQ10_L2Mu0_MAXdR3p5_M1to5_v1)&&((Bgenpt>5&&Bgenpt<10&&TMath::Abs(By)>1.5)||(Bgenpt>10))&&hiBin>=60.000000&&hiBin<=180.000000
option=9
ERROR in TPDF::Open: Cannot open file:plotEff/canvasEff_studyPbPb.pdf
ERROR in TPDF::Open: Cannot open file:plotEff/canvasPthat_PbPb.pdf
ERROR in TPDF::Open: Cannot open file:plotEff/canvasSpectra_PbPb.pdf
ERROR in TPDF::Open: Cannot open file:plotEff/canvas1DhEff_PbPb.pdf
ERROR in TPDF::Open: Cannot open file:plotEff/canvas1DhPtMC_PbPb.pdf
ERROR in TPDF::Open: Cannot open file:plotEff/canvas1DhPtMCrecoonly_PbPb.pdf
ERROR in TPDF::Open: Cannot open file:plotEff/canvas1DhPtGen_PbPb.pdf
ERROR in TPDF::Open: Cannot open file:plotEff/canvas1DhPtGenAcc_PbPb.pdf
ERROR in TPDF::Open: Cannot open file:plotEff/canvas1DhEff_PbPb.pdf
ERROR in TPDF::Open: Cannot open file:plotEff/canvas1DhEffReco_PbPb.pdf
ERROR in TPDF::Open: Cannot open file:plotEff/canvas1DhEffAcc_PbPb.pdf
ERROR in TPDF::Open: Cannot open file:plotEff/canvas1DhEffSelection_PbPb.pdf
selmcgen=TMath::Abs(Gy)<2.4 && TMath::Abs(GpdgId)==521 && GisSignal==1 && GcollisionId==0 && ((Gpt>5 && Gpt<10 && TMath::Abs(Gy)>1.5) || (Gpt>10))&&hiBin>=60.000000&&hiBin<=180.000000
selmcgenacceptance=TMath::Abs(Gy)<2.4 && TMath::Abs(GpdgId)==521 && GisSignal==1 && GcollisionId==0 && TMath::Abs(Gtk1eta)<2.4 && ((TMath::Abs(Gmu1eta)<1.2 && Gmu1pt>3.5) || (TMath::Abs(Gmu1eta)>1.2 && TMath::Abs(Gmu1eta)<2.1 && Gmu1pt>5.47-1.89*TMath::Abs(Gmu1eta)) || (TMath::Abs(Gmu1eta)>2.1 && TMath::Abs(Gmu2eta)<2.4 && Gmu1pt>1.5)) && ((TMath::Abs(Gmu2eta)<1.2 && Gmu2pt>3.5) || (TMath::Abs(Gmu2eta)>1.2 && TMath::Abs(Gmu2eta)<2.1 && Gmu2pt>5.47-1.89*TMath::Abs(Gmu2eta)) || (TMath::Abs(Gmu2eta)>2.1 && TMath::Abs(Gmu2eta)<2.4 && Gmu2pt>1.5)) && ((Gpt>5 && Gpt<10 && TMath::Abs(Gy)>1.5) || (Gpt>10))&&hiBin>=60.000000&&hiBin<=180.000000
cut_recoonly=pprimaryVertexFilter && phfCoincFilter2Th4 && pclusterCompatibilityFilter && Btrk1Pt>0.9 && Bpt>3.0 && (BsvpvDistance/BsvpvDisErr)>2.0 && Bchi2cl>0.05 && TMath::Abs(Btrk1Eta)<2.4 && TMath::Abs(By)<2.4 && TMath::Abs(PVz)<15 && Bmass>5 && Bmass<6 && TMath::Abs(Bmumumass-3.096900)<0.15 && Bmu1SoftMuID && Bmu2SoftMuID && Bmu1isAcc && Bmu2isAcc && Bmu1isTriggered && Bmu2isTriggered && (Btrk1PixelHit+Btrk1StripHit)>=11 && (Btrk1Chi2ndf/(Btrk1nStripLayer+Btrk1nPixelLayer))<0.18 && TMath::Abs(Btrk1PtErr/Btrk1Pt)<0.1 && ((Bpt>5 && Bpt<7 && (BsvpvDistance/BsvpvDisErr)>12 && cos(Bdtheta)>0.95) || (Bpt>7 && Bpt<10 && (BsvpvDistance/BsvpvDisErr)>9.0 && cos(Bdtheta)>0.92) || (Bpt>10 && Bpt<60)) && ((Bpt>5 && Bpt<7 && BDT_5_7>0.02) || (Bpt>7 && Bpt<10 && BDT_7_10>0.03) || (Bpt>10 && Bpt<15 && BDT_10_15>0.09) || (Bpt>15 && Bpt<20 && BDT_15_20>0.07) || (Bpt>20 && Bpt<30 && BDT_20_30>0.10) || (Bpt>30 && Bpt<40 && BDT_30_40>0.16) || (Bpt>40 && Bpt<50 && BDT_40_50>0.20) || (Bpt>50 && Bpt<60 && BDT_50_60>0.27))&&((Bgenpt>5&&Bgenpt<10&&TMath::Abs(By)>1.5)||(Bgenpt>10))&&hiBin>=60.000000&&hiBin<=180.000000
cut=pprimaryVertexFilter && phfCoincFilter2Th4 && pclusterCompatibilityFilter && Btrk1Pt>0.9 && Bpt>5.0 && (BsvpvDistance/BsvpvDisErr)>2.0 && Bchi2cl>0.05 && TMath::Abs(Btrk1Eta)<2.4 && TMath::Abs(By)<2.4 && TMath::Abs(PVz)<15 && Bmass>5 && Bmass<6 && TMath::Abs(Bmumumass-3.096900)<0.15 && Bmu1SoftMuID && Bmu2SoftMuID && Bmu1isAcc && Bmu2isAcc && Bmu1isTriggered && Bmu2isTriggered && (Btrk1PixelHit+Btrk1StripHit)>=11 && (Btrk1Chi2ndf/(Btrk1nStripLayer+Btrk1nPixelLayer))<0.18 && TMath::Abs(Btrk1PtErr/Btrk1Pt)<0.1 && ((Bpt>5 && Bpt<7 && (BsvpvDistance/BsvpvDisErr)>12 && cos(Bdtheta)>0.95) || (Bpt>7 && Bpt<10 && (BsvpvDistance/BsvpvDisErr)>9.0 && cos(Bdtheta)>0.92) || (Bpt>10 && Bpt<60)) && ((Bpt>5 && Bpt<7 && BDT_5_7>0.02) || (Bpt>7 && Bpt<10 && BDT_7_10>0.03) || (Bpt>10 && Bpt<15 && BDT_10_15>0.09) || (Bpt>15 && Bpt<20 && BDT_15_20>0.07) || (Bpt>20 && Bpt<30 && BDT_20_30>0.10) || (Bpt>30 && Bpt<40 && BDT_30_40>0.16) || (Bpt>40 && Bpt<50 && BDT_40_50>0.20) || (Bpt>50 && Bpt<60 && BDT_50_60>0.27))&&(HLT_HIL3Mu0NHitQ10_L2Mu0_MAXdR3p5_M1to5_v1)&&((Bgenpt>5&&Bgenpt<10&&TMath::Abs(By)>1.5)||(Bgenpt>10))&&hiBin>=60.000000&&hiBin<=180.000000
option=10
ERROR in TPDF::Open: Cannot open file:plotEff/canvasEff_studyPbPb.pdf
ERROR in TPDF::Open: Cannot open file:plotEff/canvasPthat_PbPb.pdf
ERROR in TPDF::Open: Cannot open file:plotEff/canvasSpectra_PbPb.pdf
ERROR in TPDF::Open: Cannot open file:plotEff/canvas1DhEff_PbPb.pdf
ERROR in TPDF::Open: Cannot open file:plotEff/canvas1DhPtMC_PbPb.pdf
ERROR in TPDF::Open: Cannot open file:plotEff/canvas1DhPtMCrecoonly_PbPb.pdf
ERROR in TPDF::Open: Cannot open file:plotEff/canvas1DhPtGen_PbPb.pdf
ERROR in TPDF::Open: Cannot open file:plotEff/canvas1DhPtGenAcc_PbPb.pdf
ERROR in TPDF::Open: Cannot open file:plotEff/canvas1DhEff_PbPb.pdf
ERROR in TPDF::Open: Cannot open file:plotEff/canvas1DhEffReco_PbPb.pdf
ERROR in TPDF::Open: Cannot open file:plotEff/canvas1DhEffAcc_PbPb.pdf
ERROR in TPDF::Open: Cannot open file:plotEff/canvas1DhEffSelection_PbPb.pdf
